Dec-08 12:54:16.239 [main] DEBUG nextflow.cli.Launcher - $> nextflow run ./../sersi-main/main.nf -w ./work/Pan_cancer --input ./../Inputs/Input_full.csv --outdir results/Pan_cancer --input_type seurat_object --seurat_resolution 0.8 --merge_type merge --scmrma_self_db ./../assets/panglao_selvDB_v1.txt --use_emptydrops FALSE --skip_step progeny,viper,liana -profile singularity
Dec-08 12:54:16.286 [main] INFO  nextflow.cli.CmdRun - N E X T F L O W  ~  version 22.04.2
Dec-08 12:54:16.302 [main] DEBUG nextflow.config.ConfigBuilder - Found config base: /home/triller/Desktop/Projects/Pan-cancer_cell_line_heterogeneity/pan_cancer_heterogeneity/SERSI/sersi-main/nextflow.config
Dec-08 12:54:16.304 [main] DEBUG nextflow.config.ConfigBuilder - Parsing config file: /home/triller/Desktop/Projects/Pan-cancer_cell_line_heterogeneity/pan_cancer_heterogeneity/SERSI/sersi-main/nextflow.config
Dec-08 12:54:16.326 [main] DEBUG nextflow.config.ConfigBuilder - Applying config profile: `singularity`
Dec-08 12:54:17.213 [main] DEBUG nextflow.plugin.PluginsFacade - Using Default plugins manager
Dec-08 12:54:17.220 [main] INFO  org.pf4j.DefaultPluginStatusProvider - Enabled plugins: []
Dec-08 12:54:17.221 [main] INFO  org.pf4j.DefaultPluginStatusProvider - Disabled plugins: []
Dec-08 12:54:17.223 [main] INFO  org.pf4j.DefaultPluginManager - PF4J version 3.4.1 in 'deployment' mode
Dec-08 12:54:17.226 [main] DEBUG nextflow.plugin.PluginsFacade - Using Default plugins manager
Dec-08 12:54:18.234 [main] DEBUG nextflow.config.ConfigBuilder - Available config profiles: [cfc_dev, ifb_core, denbi_qbic, genotoul, alice, mjolnir_globe, uppmax, abims, nihbiowulf, nu_genomics, oist, sahmri, mpcdf, leicester, lugh, vsc_ugent, sage, cambridge, unibe_ibu, vai, podman, czbiohub_aws, jax, cheaha, ccga_med, test, scw, tigem, google, computerome, seg_globe, sanger, dkfz, pasteur, test_full, eddie, medair, azurebatch, bi, hki, bigpurple, sbc_sharc, adcra, crukmi, cedars, docker, gis, psmn, eva, ucl_myriad, utd_ganymede, charliecloud, fgcz, conda, crg, singularity, icr_davros, ceres, munin, rosalind, prince, hasta, hebbe, cfc, utd_sysbio, uzh, debug, genouest, cbe, ebc, ku_sund_dangpu, ccga_dx, crick, marvin, phoenix, biohpc_gen, shifter, mana, wehi, awsbatch, uct_hpc, imperial, maestro, aws_tower, binac]
Dec-08 12:54:18.259 [main] DEBUG nextflow.cli.CmdRun - Applied DSL=2 from script declararion
Dec-08 12:54:18.272 [main] INFO  nextflow.cli.CmdRun - Launching `./../sersi-main/main.nf` [happy_mcnulty] DSL2 - revision: 49a96763b3
Dec-08 12:54:18.273 [main] DEBUG nextflow.plugin.PluginsFacade - Setting up plugin manager > mode=prod; plugins-dir=/home/triller/.nextflow/plugins; core-plugins: nf-amazon@1.7.2,nf-azure@0.13.2,nf-console@1.0.3,nf-ga4gh@1.0.3,nf-google@1.1.4,nf-sqldb@0.4.0,nf-tower@1.4.0
Dec-08 12:54:18.274 [main] DEBUG nextflow.plugin.PluginsFacade - Plugins default=[]
Dec-08 12:54:18.277 [main] INFO  org.pf4j.DefaultPluginStatusProvider - Enabled plugins: []
Dec-08 12:54:18.277 [main] INFO  org.pf4j.DefaultPluginStatusProvider - Disabled plugins: []
Dec-08 12:54:18.278 [main] INFO  org.pf4j.DefaultPluginManager - PF4J version 3.4.1 in 'deployment' mode
Dec-08 12:54:18.283 [main] INFO  org.pf4j.AbstractPluginManager - No plugins
Dec-08 12:54:18.320 [main] DEBUG nextflow.Session - Session uuid: 231c82be-76af-4c91-92b9-1a621e5ddcd4
Dec-08 12:54:18.320 [main] DEBUG nextflow.Session - Run name: happy_mcnulty
Dec-08 12:54:18.321 [main] DEBUG nextflow.Session - Executor pool size: 8
Dec-08 12:54:18.343 [main] DEBUG nextflow.cli.CmdRun - 
  Version: 22.04.2 build 5701
  Created: 16-05-2022 17:52 UTC (19:52 CEST)
  System: Linux 5.15.0-56-generic
  Runtime: Groovy 3.0.10 on OpenJDK 64-Bit Server VM 11.0.17+8-post-Ubuntu-1ubuntu220.04
  Encoding: UTF-8 (UTF-8)
  Process: 77867@triller-ThinkPad-E15-Gen-2 [127.0.1.1]
  CPUs: 8 - Mem: 15.3 GB (1.5 GB) - Swap: 128 GB (118.4 GB)
Dec-08 12:54:18.362 [main] DEBUG nextflow.Session - Work-dir: /home/triller/Desktop/Projects/Pan-cancer_cell_line_heterogeneity/pan_cancer_heterogeneity/SERSI/run_all_samples/work/Pan_cancer [ext2/ext3]
Dec-08 12:54:18.377 [main] DEBUG nextflow.executor.ExecutorFactory - Extension executors providers=[]
Dec-08 12:54:18.387 [main] DEBUG nextflow.Session - Observer factory: DefaultObserverFactory
Dec-08 12:54:18.483 [main] DEBUG nextflow.cache.CacheFactory - Using Nextflow cache factory: nextflow.cache.DefaultCacheFactory
Dec-08 12:54:18.491 [main] DEBUG nextflow.util.CustomThreadPool - Creating default thread pool > poolSize: 9; maxThreads: 1000
Dec-08 12:54:18.559 [main] DEBUG nextflow.Session - Session start invoked
Dec-08 12:54:18.562 [main] DEBUG nextflow.trace.TraceFileObserver - Flow starting -- trace file: /home/triller/Desktop/Projects/Pan-cancer_cell_line_heterogeneity/pan_cancer_heterogeneity/SERSI/run_all_samples/results/Pan_cancer/pipeline_info/execution_trace_2022-12-08_12-54-18.txt
Dec-08 12:54:18.571 [main] DEBUG nextflow.Session - Using default localLib path: /home/triller/Desktop/Projects/Pan-cancer_cell_line_heterogeneity/pan_cancer_heterogeneity/SERSI/sersi-main/lib
Dec-08 12:54:18.575 [main] DEBUG nextflow.Session - Adding to the classpath library: /home/triller/Desktop/Projects/Pan-cancer_cell_line_heterogeneity/pan_cancer_heterogeneity/SERSI/sersi-main/lib
Dec-08 12:54:18.576 [main] DEBUG nextflow.Session - Adding to the classpath library: /home/triller/Desktop/Projects/Pan-cancer_cell_line_heterogeneity/pan_cancer_heterogeneity/SERSI/sersi-main/lib/nfcore_external_java_deps.jar
Dec-08 12:54:19.347 [main] DEBUG nextflow.script.ScriptRunner - > Launching execution
Dec-08 12:54:19.356 [main] WARN  nextflow.script.ScriptBinding - Access to undefined parameter `genomes` -- Initialise it to a default value eg. `params.genomes = some_value`
Dec-08 12:54:19.479 [main] WARN  nextflow.Nextflow - Found unexpected parameters:
* --single_cpu_mem: 10 GB
* --cpus: 8
* --scmrma_self_db: ./../assets/panglao_selvDB_v1.txt
* --publish_dir_mode: copy
* --topn_p_sankey: 200
* --ccc_annotation_level: scMRMA_level_3
* --annotation_db: /home/triller/Desktop/Projects/Pan-cancer_cell_line_heterogeneity/pan_cancer_heterogeneity/SERSI/sersi-main/assets/dummy_file.txt
* --scmrma_use_seurat_clusters: true
* --seurat_resolution: 0.8
* --npcs: null
* --find_npcs_method: maxLikglobaldimest
* --normalization_method: lognormalize
* --merge_type: merge
* --quality_filtering_method: mad
* --emptydrops_lower: 100
* --use_emptydrops: false
* --seurat_Read10X_stripsuffix: FALSE
* --seurat_Read10X_uniquefeatures: TRUE
* --seurat_Read10X_cellcolumn: 1
* --seurat_Read10X_genecolumn: 2
* --input_type: seurat_object
* --skip_step: progeny,viper,liana
* --seed: 42
Dec-08 12:54:19.480 [main] INFO  nextflow.Nextflow - - [2mIgnore this warning: params.schema_ignore_params = "single_cpu_mem,cpus,scmrma_self_db,publish_dir_mode,topn_p_sankey,ccc_annotation_level,annotation_db,scmrma_use_seurat_clusters,seurat_resolution,npcs,find_npcs_method,normalization_method,merge_type,quality_filtering_method,emptydrops_lower,use_emptydrops,seurat_Read10X_stripsuffix,seurat_Read10X_uniquefeatures,seurat_Read10X_cellcolumn,seurat_Read10X_genecolumn,input_type,skip_step,seed" [0m
Dec-08 12:54:19.490 [main] INFO  nextflow.Nextflow - 

-[2m----------------------------------------------------[0m-
                                        [0;32m,--.[0;30m/[0;32m,-.[0m
[0;34m        ___     __   __   __   ___     [0;32m/,-._.--~'[0m
[0;34m  |\ | |__  __ /  ` /  \ |__) |__         [0;33m}  {[0m
[0;34m  | \| |       \__, \__/ |  \ |___     [0;32m\`-._,-`-,[0m
                                        [0;32m`._,._,'[0m
[0;35m  nf-core/iris v1.0dev[0m
-[2m----------------------------------------------------[0m-
[1mCore Nextflow options[0m
  [0;34mrunName        : [0;32mhappy_mcnulty[0m
  [0;34mcontainerEngine: [0;32msingularity[0m
  [0;34mcontainer      : [0;32mfile:////home/triller/Desktop/Projects/Pan-cancer_cell_line_heterogeneity/pan_cancer_heterogeneity/SERSI/sersi-main/container_images/singularity_image.sif[0m
  [0;34mlaunchDir      : [0;32m/home/triller/Desktop/Projects/Pan-cancer_cell_line_heterogeneity/pan_cancer_heterogeneity/SERSI/run_all_samples[0m
  [0;34mworkDir        : [0;32m/home/triller/Desktop/Projects/Pan-cancer_cell_line_heterogeneity/pan_cancer_heterogeneity/SERSI/run_all_samples/work/Pan_cancer[0m
  [0;34mprojectDir     : [0;32m/home/triller/Desktop/Projects/Pan-cancer_cell_line_heterogeneity/pan_cancer_heterogeneity/SERSI/sersi-main[0m
  [0;34muserName       : [0;32mtriller[0m
  [0;34mprofile        : [0;32msingularity[0m
  [0;34mconfigFiles    : [0;32m/home/triller/Desktop/Projects/Pan-cancer_cell_line_heterogeneity/pan_cancer_heterogeneity/SERSI/sersi-main/nextflow.config[0m

[1mInput/output options[0m
  [0;34minput          : [0;32m./../Inputs/Input_full.csv[0m
  [0;34moutdir         : [0;32mresults/Pan_cancer[0m

[1mMax job request options[0m
  [0;34mmax_memory     : [0;32m100 GB[0m
  [0;34mmax_time       : [0;32m10d[0m

!! Only displaying parameters that differ from the pipeline defaults !!
-[2m----------------------------------------------------[0m-
If you use nf-core/iris for your analysis please cite:

* The nf-core framework
  https://doi.org/10.1038/s41587-020-0439-x

* Software dependencies
  https://github.com/nf-core/iris/blob/master/CITATIONS.md
-[2m----------------------------------------------------[0m-
Dec-08 12:54:20.685 [main] INFO  nextflow.script.BaseScript - INPUT_CHECK
Dec-08 12:54:20.728 [main] DEBUG nextflow.script.ProcessConfig - Config settings `withName:SAMPLESHEET_CHECK` matches process NFCORE_SERSI:SERSI:INPUT_CHECK:SAMPLESHEET_CHECK
Dec-08 12:54:20.743 [main] DEBUG nextflow.executor.ExecutorFactory - << taskConfig executor: null
Dec-08 12:54:20.743 [main] DEBUG nextflow.executor.ExecutorFactory - >> processorType: 'local'
Dec-08 12:54:20.747 [main] DEBUG nextflow.executor.Executor - [warm up] executor > local
Dec-08 12:54:20.751 [main] DEBUG n.processor.LocalPollingMonitor - Creating local task monitor for executor 'local' > cpus=8; memory=15.3 GB; capacity=8; pollInterval=100ms; dumpInterval=5m
Dec-08 12:54:20.865 [main] INFO  nextflow.script.BaseScript - INPUT_CHECK2
Dec-08 12:54:20.884 [main] DEBUG nextflow.script.ProcessConfig - Config settings `withLabel:process_low` matches labels `process_low` for process with name NFCORE_SERSI:SERSI:READ_IN_DATA:SEURAT_READ_DATA
Dec-08 12:54:20.884 [main] DEBUG nextflow.script.ProcessConfig - Config settings `withName:SEURAT_READ_DATA` matches process NFCORE_SERSI:SERSI:READ_IN_DATA:SEURAT_READ_DATA
Dec-08 12:54:20.886 [main] DEBUG nextflow.executor.ExecutorFactory - << taskConfig executor: null
Dec-08 12:54:20.886 [main] DEBUG nextflow.executor.ExecutorFactory - >> processorType: 'local'
Dec-08 12:54:20.897 [main] DEBUG nextflow.script.ProcessConfig - Config settings `withLabel:process_low` matches labels `process_low` for process with name NFCORE_SERSI:SERSI:QUALITY_CONTROL:SCDBLFINDER
Dec-08 12:54:20.897 [main] DEBUG nextflow.script.ProcessConfig - Config settings `withName:SCDBLFINDER` matches process NFCORE_SERSI:SERSI:QUALITY_CONTROL:SCDBLFINDER
Dec-08 12:54:20.898 [main] DEBUG nextflow.executor.ExecutorFactory - << taskConfig executor: null
Dec-08 12:54:20.898 [main] DEBUG nextflow.executor.ExecutorFactory - >> processorType: 'local'
Dec-08 12:54:20.902 [main] DEBUG nextflow.script.ProcessConfig - Config settings `withLabel:process_low` matches labels `process_low` for process with name NFCORE_SERSI:SERSI:QUALITY_CONTROL:MAD
Dec-08 12:54:20.903 [main] DEBUG nextflow.script.ProcessConfig - Config settings `withName:MAD` matches process NFCORE_SERSI:SERSI:QUALITY_CONTROL:MAD
Dec-08 12:54:20.904 [main] DEBUG nextflow.executor.ExecutorFactory - << taskConfig executor: null
Dec-08 12:54:20.904 [main] DEBUG nextflow.executor.ExecutorFactory - >> processorType: 'local'
Dec-08 12:54:20.925 [main] DEBUG nextflow.script.ProcessConfig - Config settings `withLabel:process_medium` matches labels `process_medium` for process with name NFCORE_SERSI:SERSI:MERGE_SAMPLES:SEURAT_MERGE
Dec-08 12:54:20.925 [main] DEBUG nextflow.script.ProcessConfig - Config settings `withName:SEURAT_MERGE` matches process NFCORE_SERSI:SERSI:MERGE_SAMPLES:SEURAT_MERGE
Dec-08 12:54:20.926 [main] DEBUG nextflow.executor.ExecutorFactory - << taskConfig executor: null
Dec-08 12:54:20.926 [main] DEBUG nextflow.executor.ExecutorFactory - >> processorType: 'local'
Dec-08 12:54:20.931 [main] DEBUG nextflow.script.ProcessConfig - Config settings `withLabel:process_low` matches labels `process_low` for process with name NFCORE_SERSI:SERSI:ACTIVITY_ASSAYS:SCWMEAN
Dec-08 12:54:20.931 [main] DEBUG nextflow.script.ProcessConfig - Config settings `withName:SCWMEAN` matches process NFCORE_SERSI:SERSI:ACTIVITY_ASSAYS:SCWMEAN
Dec-08 12:54:20.932 [main] DEBUG nextflow.executor.ExecutorFactory - << taskConfig executor: null
Dec-08 12:54:20.932 [main] DEBUG nextflow.executor.ExecutorFactory - >> processorType: 'local'
Dec-08 12:54:20.935 [main] DEBUG nextflow.script.ProcessConfig - Config settings `withLabel:process_low` matches labels `process_low` for process with name NFCORE_SERSI:SERSI:PARAMETER_OPTIMIZATION:ADDRESOLUTION
Dec-08 12:54:20.935 [main] DEBUG nextflow.script.ProcessConfig - Config settings `withName:ADDRESOLUTION` matches process NFCORE_SERSI:SERSI:PARAMETER_OPTIMIZATION:ADDRESOLUTION
Dec-08 12:54:20.936 [main] DEBUG nextflow.executor.ExecutorFactory - << taskConfig executor: null
Dec-08 12:54:20.936 [main] DEBUG nextflow.executor.ExecutorFactory - >> processorType: 'local'
Dec-08 12:54:20.941 [main] DEBUG nextflow.script.ProcessConfig - Config settings `withLabel:process_low` matches labels `process_low` for process with name NFCORE_SERSI:SERSI:PARAMETER_OPTIMIZATION:MAXLIKGLOBALDIMEST
Dec-08 12:54:20.942 [main] DEBUG nextflow.script.ProcessConfig - Config settings `withName:MAXLIKGLOBALDIMEST` matches process NFCORE_SERSI:SERSI:PARAMETER_OPTIMIZATION:MAXLIKGLOBALDIMEST
Dec-08 12:54:20.943 [main] DEBUG nextflow.executor.ExecutorFactory - << taskConfig executor: null
Dec-08 12:54:20.943 [main] DEBUG nextflow.executor.ExecutorFactory - >> processorType: 'local'
Dec-08 12:54:20.959 [main] DEBUG nextflow.script.ProcessConfig - Config settings `withLabel:process_low` matches labels `process_low` for process with name NFCORE_SERSI:SERSI:CLUSTERING:SEURAT_CLUSTERING
Dec-08 12:54:20.959 [main] DEBUG nextflow.script.ProcessConfig - Config settings `withName:SEURAT_CLUSTERING` matches process NFCORE_SERSI:SERSI:CLUSTERING:SEURAT_CLUSTERING
Dec-08 12:54:20.960 [main] DEBUG nextflow.executor.ExecutorFactory - << taskConfig executor: null
Dec-08 12:54:20.960 [main] DEBUG nextflow.executor.ExecutorFactory - >> processorType: 'local'
Dec-08 12:54:20.964 [main] DEBUG nextflow.script.ProcessConfig - Config settings `withLabel:process_low` matches labels `process_low` for process with name NFCORE_SERSI:SERSI:ANNOTATION:SCMRMA
Dec-08 12:54:20.964 [main] DEBUG nextflow.script.ProcessConfig - Config settings `withName:SCMRMA` matches process NFCORE_SERSI:SERSI:ANNOTATION:SCMRMA
Dec-08 12:54:20.965 [main] DEBUG nextflow.executor.ExecutorFactory - << taskConfig executor: null
Dec-08 12:54:20.965 [main] DEBUG nextflow.executor.ExecutorFactory - >> processorType: 'local'
Dec-08 12:54:20.968 [main] DEBUG nextflow.script.ProcessConfig - Config settings `withLabel:process_low` matches labels `process_low` for process with name NFCORE_SERSI:SERSI:COLLECT_REPORTS:REPORT
Dec-08 12:54:20.969 [main] DEBUG nextflow.script.ProcessConfig - Config settings `withName:REPORT` matches process NFCORE_SERSI:SERSI:COLLECT_REPORTS:REPORT
Dec-08 12:54:20.969 [main] DEBUG nextflow.executor.ExecutorFactory - << taskConfig executor: null
Dec-08 12:54:20.969 [main] DEBUG nextflow.executor.ExecutorFactory - >> processorType: 'local'
Dec-08 12:54:20.972 [main] DEBUG nextflow.Session - Workflow process names [dsl2]: NFCORE_SERSI:SERSI:ANNOTATION:SCMRMA, SCVIPER, NFCORE_SERSI:SERSI:QUALITY_CONTROL:SCDBLFINDER, LIANA, ADDPC, SEURAT_MERGE, MIQC, NFCORE_SERSI:SERSI:CLUSTERING:SEURAT_CLUSTERING, NFCORE_SERSI:SERSI:MERGE_SAMPLES:SEURAT_MERGE, ADDRESOLUTION, NFCORE_SERSI:SERSI:READ_IN_DATA:SEURAT_READ_DATA, NFCORE_SERSI:SERSI:INPUT_CHECK:SAMPLESHEET_CHECK, SEURAT_CLUSTERING, MAXLIKGLOBALDIMEST, SCPROGENY, SEURAT_RPCA, SAMPLESHEET_CHECK, NFCORE_SERSI:SERSI:QUALITY_CONTROL:MAD, NFCORE_SERSI:SERSI:ACTIVITY_ASSAYS:SCWMEAN, NFCORE_SERSI:SERSI:COLLECT_REPORTS:REPORT, SCWMEAN, REPORT, SCDBLFINDER, NFCORE_SERSI:SERSI:PARAMETER_OPTIMIZATION:MAXLIKGLOBALDIMEST, FINDPC, NFCORE_SERSI:SERSI:PARAMETER_OPTIMIZATION:ADDRESOLUTION, MAD, SEURAT_READ_DATA, SEURAT_DEFAULT, SCMRMA
Dec-08 12:54:20.984 [main] WARN  nextflow.Session - There's no process matching config selector: CUSTOM_DUMPSOFTWAREVERSIONS
Dec-08 12:54:20.990 [main] DEBUG nextflow.Session - Ignite dataflow network (14)
Dec-08 12:54:20.991 [main] DEBUG nextflow.processor.TaskProcessor - Starting process > NFCORE_SERSI:SERSI:INPUT_CHECK:SAMPLESHEET_CHECK
Dec-08 12:54:20.991 [main] DEBUG nextflow.processor.TaskProcessor - Starting process > NFCORE_SERSI:SERSI:READ_IN_DATA:SEURAT_READ_DATA
Dec-08 12:54:20.992 [main] DEBUG nextflow.processor.TaskProcessor - Starting process > NFCORE_SERSI:SERSI:QUALITY_CONTROL:SCDBLFINDER
Dec-08 12:54:20.992 [main] DEBUG nextflow.processor.TaskProcessor - Starting process > NFCORE_SERSI:SERSI:QUALITY_CONTROL:MAD
Dec-08 12:54:20.992 [main] DEBUG nextflow.processor.TaskProcessor - Starting process > NFCORE_SERSI:SERSI:MERGE_SAMPLES:SEURAT_MERGE
Dec-08 12:54:20.992 [main] DEBUG nextflow.processor.TaskProcessor - Starting process > NFCORE_SERSI:SERSI:ACTIVITY_ASSAYS:SCWMEAN
Dec-08 12:54:20.992 [main] DEBUG nextflow.processor.TaskProcessor - Starting process > NFCORE_SERSI:SERSI:PARAMETER_OPTIMIZATION:ADDRESOLUTION
Dec-08 12:54:20.992 [main] DEBUG nextflow.processor.TaskProcessor - Starting process > NFCORE_SERSI:SERSI:PARAMETER_OPTIMIZATION:MAXLIKGLOBALDIMEST
Dec-08 12:54:20.992 [main] DEBUG nextflow.processor.TaskProcessor - Starting process > NFCORE_SERSI:SERSI:CLUSTERING:SEURAT_CLUSTERING
Dec-08 12:54:20.992 [main] DEBUG nextflow.processor.TaskProcessor - Starting process > NFCORE_SERSI:SERSI:ANNOTATION:SCMRMA
Dec-08 12:54:21.001 [main] DEBUG nextflow.processor.TaskProcessor - Starting process > NFCORE_SERSI:SERSI:COLLECT_REPORTS:REPORT
Dec-08 12:54:21.001 [main] DEBUG nextflow.script.ScriptRunner - > Await termination 
Dec-08 12:54:21.001 [main] DEBUG nextflow.Session - Session await
Dec-08 12:54:21.051 [Actor Thread 5] WARN  nextflow.container.SingularityCache - Singularity cache directory has not been defined -- Remote image will be stored in the path: /home/triller/Desktop/Projects/Pan-cancer_cell_line_heterogeneity/pan_cancer_heterogeneity/SERSI/run_all_samples/work/Pan_cancer/singularity -- Use env variable NXF_SINGULARITY_CACHEDIR to specify a different location
Dec-08 12:54:21.052 [Actor Thread 5] INFO  nextflow.container.SingularityCache - Pulling Singularity image https://depot.galaxyproject.org/singularity/python:3.8.3 [cache /home/triller/Desktop/Projects/Pan-cancer_cell_line_heterogeneity/pan_cancer_heterogeneity/SERSI/run_all_samples/work/Pan_cancer/singularity/depot.galaxyproject.org-singularity-python-3.8.3.img]
Dec-08 12:54:35.786 [Actor Thread 5] DEBUG nextflow.container.SingularityCache - Singularity pull complete image=https://depot.galaxyproject.org/singularity/python:3.8.3 path=/home/triller/Desktop/Projects/Pan-cancer_cell_line_heterogeneity/pan_cancer_heterogeneity/SERSI/run_all_samples/work/Pan_cancer/singularity/depot.galaxyproject.org-singularity-python-3.8.3.img
Dec-08 12:54:35.880 [Task submitter] DEBUG nextflow.executor.LocalTaskHandler - Launch cmd line: /bin/bash -ue .command.run
Dec-08 12:54:35.885 [Task submitter] INFO  nextflow.Session - [0e/e50b5a] Submitted process > NFCORE_SERSI:SERSI:INPUT_CHECK:SAMPLESHEET_CHECK (Input_full.csv)
Dec-08 12:54:37.338 [Task monitor] DEBUG n.processor.TaskPollingMonitor - Task completed > TaskHandler[id: 1; name: NFCORE_SERSI:SERSI:INPUT_CHECK:SAMPLESHEET_CHECK (Input_full.csv); status: COMPLETED; exit: 0; error: -; workDir: /home/triller/Desktop/Projects/Pan-cancer_cell_line_heterogeneity/pan_cancer_heterogeneity/SERSI/run_all_samples/work/Pan_cancer/0e/e50b5a5fb9d7bd59cc1ad6706b55f4]
Dec-08 12:54:37.374 [Task monitor] DEBUG nextflow.util.ThreadPoolBuilder - Creating thread pool 'FileTransfer' minSize=4; maxSize=4; workQueue=LinkedBlockingQueue[10000]; allowCoreThreadTimeout=false
Dec-08 12:54:37.462 [Task submitter] DEBUG nextflow.executor.LocalTaskHandler - Launch cmd line: /bin/bash -ue .command.run
Dec-08 12:54:37.462 [Task submitter] INFO  nextflow.Session - [03/4edf36] Submitted process > NFCORE_SERSI:SERSI:READ_IN_DATA:SEURAT_READ_DATA (6)
Dec-08 12:54:37.529 [Task submitter] DEBUG nextflow.executor.LocalTaskHandler - Launch cmd line: /bin/bash -ue .command.run
Dec-08 12:54:37.530 [Task submitter] INFO  nextflow.Session - [35/e452fe] Submitted process > NFCORE_SERSI:SERSI:READ_IN_DATA:SEURAT_READ_DATA (1)
Dec-08 12:54:37.540 [Task submitter] DEBUG nextflow.executor.LocalTaskHandler - Launch cmd line: /bin/bash -ue .command.run
Dec-08 12:54:37.540 [Task submitter] INFO  nextflow.Session - [87/1dd5a2] Submitted process > NFCORE_SERSI:SERSI:READ_IN_DATA:SEURAT_READ_DATA (5)
Dec-08 12:55:17.103 [Task monitor] DEBUG n.processor.TaskPollingMonitor - Task completed > TaskHandler[id: 7; name: NFCORE_SERSI:SERSI:READ_IN_DATA:SEURAT_READ_DATA (6); status: COMPLETED; exit: 0; error: -; workDir: /home/triller/Desktop/Projects/Pan-cancer_cell_line_heterogeneity/pan_cancer_heterogeneity/SERSI/run_all_samples/work/Pan_cancer/03/4edf36d09549dc356b550bd3e55e38]
Dec-08 12:55:17.106 [Task submitter] DEBUG nextflow.executor.LocalTaskHandler - Launch cmd line: /bin/bash -ue .command.run
Dec-08 12:55:17.109 [Task submitter] INFO  nextflow.Session - [f4/7f9e5f] Submitted process > NFCORE_SERSI:SERSI:READ_IN_DATA:SEURAT_READ_DATA (3)
Dec-08 12:55:26.846 [Task monitor] DEBUG n.processor.TaskPollingMonitor - Task completed > TaskHandler[id: 2; name: NFCORE_SERSI:SERSI:READ_IN_DATA:SEURAT_READ_DATA (1); status: COMPLETED; exit: 0; error: -; workDir: /home/triller/Desktop/Projects/Pan-cancer_cell_line_heterogeneity/pan_cancer_heterogeneity/SERSI/run_all_samples/work/Pan_cancer/35/e452fec037c0f7948dfdafbceb1273]
Dec-08 12:55:26.850 [Task submitter] DEBUG nextflow.executor.LocalTaskHandler - Launch cmd line: /bin/bash -ue .command.run
Dec-08 12:55:26.853 [Task submitter] INFO  nextflow.Session - [0c/edfd83] Submitted process > NFCORE_SERSI:SERSI:READ_IN_DATA:SEURAT_READ_DATA (7)
Dec-08 12:55:27.701 [Task monitor] DEBUG n.processor.TaskPollingMonitor - Task completed > TaskHandler[id: 6; name: NFCORE_SERSI:SERSI:READ_IN_DATA:SEURAT_READ_DATA (5); status: COMPLETED; exit: 0; error: -; workDir: /home/triller/Desktop/Projects/Pan-cancer_cell_line_heterogeneity/pan_cancer_heterogeneity/SERSI/run_all_samples/work/Pan_cancer/87/1dd5a27adbe0b8a0819dc0161169ad]
Dec-08 12:55:27.711 [Task submitter] DEBUG nextflow.executor.LocalTaskHandler - Launch cmd line: /bin/bash -ue .command.run
Dec-08 12:55:27.712 [Task submitter] INFO  nextflow.Session - [53/d91233] Submitted process > NFCORE_SERSI:SERSI:READ_IN_DATA:SEURAT_READ_DATA (2)
Dec-08 12:55:54.994 [Task monitor] DEBUG n.processor.TaskPollingMonitor - Task completed > TaskHandler[id: 4; name: NFCORE_SERSI:SERSI:READ_IN_DATA:SEURAT_READ_DATA (3); status: COMPLETED; exit: 0; error: -; workDir: /home/triller/Desktop/Projects/Pan-cancer_cell_line_heterogeneity/pan_cancer_heterogeneity/SERSI/run_all_samples/work/Pan_cancer/f4/7f9e5f3405291b1e57ded6ce07b6e5]
Dec-08 12:55:54.998 [Task submitter] DEBUG nextflow.executor.LocalTaskHandler - Launch cmd line: /bin/bash -ue .command.run
Dec-08 12:55:54.999 [Task submitter] INFO  nextflow.Session - [47/f3d20b] Submitted process > NFCORE_SERSI:SERSI:READ_IN_DATA:SEURAT_READ_DATA (4)
Dec-08 12:56:14.723 [Task monitor] DEBUG n.processor.TaskPollingMonitor - Task completed > TaskHandler[id: 8; name: NFCORE_SERSI:SERSI:READ_IN_DATA:SEURAT_READ_DATA (7); status: COMPLETED; exit: 0; error: -; workDir: /home/triller/Desktop/Projects/Pan-cancer_cell_line_heterogeneity/pan_cancer_heterogeneity/SERSI/run_all_samples/work/Pan_cancer/0c/edfd83980dfb48906f96ebdaff844c]
Dec-08 12:56:14.735 [Task submitter] DEBUG nextflow.executor.LocalTaskHandler - Launch cmd line: /bin/bash -ue .command.run
Dec-08 12:56:14.735 [Task submitter] INFO  nextflow.Session - [b3/4d8102] Submitted process > NFCORE_SERSI:SERSI:READ_IN_DATA:SEURAT_READ_DATA (8)
Dec-08 12:56:16.753 [Task monitor] DEBUG n.processor.TaskPollingMonitor - Task completed > TaskHandler[id: 3; name: NFCORE_SERSI:SERSI:READ_IN_DATA:SEURAT_READ_DATA (2); status: COMPLETED; exit: 0; error: -; workDir: /home/triller/Desktop/Projects/Pan-cancer_cell_line_heterogeneity/pan_cancer_heterogeneity/SERSI/run_all_samples/work/Pan_cancer/53/d91233aad0b0ad71ba96f824b58ad5]
Dec-08 12:56:16.760 [Task submitter] DEBUG nextflow.executor.LocalTaskHandler - Launch cmd line: /bin/bash -ue .command.run
Dec-08 12:56:16.760 [Task submitter] INFO  nextflow.Session - [ef/130fa9] Submitted process > NFCORE_SERSI:SERSI:READ_IN_DATA:SEURAT_READ_DATA (9)
Dec-08 12:56:31.312 [Task monitor] DEBUG n.processor.TaskPollingMonitor - Task completed > TaskHandler[id: 5; name: NFCORE_SERSI:SERSI:READ_IN_DATA:SEURAT_READ_DATA (4); status: COMPLETED; exit: 0; error: -; workDir: /home/triller/Desktop/Projects/Pan-cancer_cell_line_heterogeneity/pan_cancer_heterogeneity/SERSI/run_all_samples/work/Pan_cancer/47/f3d20bb8cc555db2b6df7a4d52e5fb]
Dec-08 12:56:31.316 [Task submitter] DEBUG nextflow.executor.LocalTaskHandler - Launch cmd line: /bin/bash -ue .command.run
Dec-08 12:56:31.316 [Task submitter] INFO  nextflow.Session - [f8/9a256c] Submitted process > NFCORE_SERSI:SERSI:QUALITY_CONTROL:SCDBLFINDER (1)
Dec-08 12:56:56.024 [Task monitor] DEBUG n.processor.TaskPollingMonitor - Task completed > TaskHandler[id: 10; name: NFCORE_SERSI:SERSI:READ_IN_DATA:SEURAT_READ_DATA (9); status: COMPLETED; exit: 0; error: -; workDir: /home/triller/Desktop/Projects/Pan-cancer_cell_line_heterogeneity/pan_cancer_heterogeneity/SERSI/run_all_samples/work/Pan_cancer/ef/130fa9dce6ec6247083ebe3c786f65]
Dec-08 12:56:56.041 [Task submitter] DEBUG nextflow.executor.LocalTaskHandler - Launch cmd line: /bin/bash -ue .command.run
Dec-08 12:56:56.041 [Task submitter] INFO  nextflow.Session - [81/96dd3a] Submitted process > NFCORE_SERSI:SERSI:QUALITY_CONTROL:SCDBLFINDER (2)
Dec-08 12:57:03.648 [Task monitor] DEBUG n.processor.TaskPollingMonitor - Task completed > TaskHandler[id: 9; name: NFCORE_SERSI:SERSI:READ_IN_DATA:SEURAT_READ_DATA (8); status: COMPLETED; exit: 0; error: -; workDir: /home/triller/Desktop/Projects/Pan-cancer_cell_line_heterogeneity/pan_cancer_heterogeneity/SERSI/run_all_samples/work/Pan_cancer/b3/4d8102ff557eb9ded35e8f027c203d]
Dec-08 12:57:03.652 [Task submitter] DEBUG nextflow.executor.LocalTaskHandler - Launch cmd line: /bin/bash -ue .command.run
Dec-08 12:57:03.653 [Task submitter] INFO  nextflow.Session - [8c/d335cf] Submitted process > NFCORE_SERSI:SERSI:QUALITY_CONTROL:SCDBLFINDER (3)
Dec-08 12:58:02.549 [Task monitor] DEBUG n.processor.TaskPollingMonitor - Task completed > TaskHandler[id: 11; name: NFCORE_SERSI:SERSI:QUALITY_CONTROL:SCDBLFINDER (1); status: COMPLETED; exit: 0; error: -; workDir: /home/triller/Desktop/Projects/Pan-cancer_cell_line_heterogeneity/pan_cancer_heterogeneity/SERSI/run_all_samples/work/Pan_cancer/f8/9a256ca7d7df0c5fc9b6888cf2d7b7]
Dec-08 12:58:02.569 [Task submitter] DEBUG nextflow.executor.LocalTaskHandler - Launch cmd line: /bin/bash -ue .command.run
Dec-08 12:58:02.569 [Task submitter] INFO  nextflow.Session - [32/228ed6] Submitted process > NFCORE_SERSI:SERSI:QUALITY_CONTROL:SCDBLFINDER (4)
Dec-08 12:58:53.848 [Task monitor] DEBUG n.processor.TaskPollingMonitor - Task completed > TaskHandler[id: 13; name: NFCORE_SERSI:SERSI:QUALITY_CONTROL:SCDBLFINDER (3); status: COMPLETED; exit: 0; error: -; workDir: /home/triller/Desktop/Projects/Pan-cancer_cell_line_heterogeneity/pan_cancer_heterogeneity/SERSI/run_all_samples/work/Pan_cancer/8c/d335cfd3afe72c848fc0de2772fc05]
Dec-08 12:58:53.866 [Task submitter] DEBUG nextflow.executor.LocalTaskHandler - Launch cmd line: /bin/bash -ue .command.run
Dec-08 12:58:53.866 [Task submitter] INFO  nextflow.Session - [93/706547] Submitted process > NFCORE_SERSI:SERSI:QUALITY_CONTROL:SCDBLFINDER (5)
Dec-08 12:58:57.182 [Task monitor] DEBUG n.processor.TaskPollingMonitor - Task completed > TaskHandler[id: 12; name: NFCORE_SERSI:SERSI:QUALITY_CONTROL:SCDBLFINDER (2); status: COMPLETED; exit: 0; error: -; workDir: /home/triller/Desktop/Projects/Pan-cancer_cell_line_heterogeneity/pan_cancer_heterogeneity/SERSI/run_all_samples/work/Pan_cancer/81/96dd3ad932847af1adaff1f8db89ed]
Dec-08 12:58:57.211 [Task submitter] DEBUG nextflow.executor.LocalTaskHandler - Launch cmd line: /bin/bash -ue .command.run
Dec-08 12:58:57.211 [Task submitter] INFO  nextflow.Session - [8c/5ffa11] Submitted process > NFCORE_SERSI:SERSI:QUALITY_CONTROL:SCDBLFINDER (6)
Dec-08 12:59:20.923 [Task monitor] DEBUG n.processor.TaskPollingMonitor - !! executor local > tasks to be completed: 3 -- submitted tasks are shown below
~> TaskHandler[id: 14; name: NFCORE_SERSI:SERSI:QUALITY_CONTROL:SCDBLFINDER (4); status: RUNNING; exit: -; error: -; workDir: /home/triller/Desktop/Projects/Pan-cancer_cell_line_heterogeneity/pan_cancer_heterogeneity/SERSI/run_all_samples/work/Pan_cancer/32/228ed6f173dd6ff72f144f89d3a4b0]
~> TaskHandler[id: 15; name: NFCORE_SERSI:SERSI:QUALITY_CONTROL:SCDBLFINDER (5); status: RUNNING; exit: -; error: -; workDir: /home/triller/Desktop/Projects/Pan-cancer_cell_line_heterogeneity/pan_cancer_heterogeneity/SERSI/run_all_samples/work/Pan_cancer/93/706547b2e859294560198e0a9c728e]
~> TaskHandler[id: 16; name: NFCORE_SERSI:SERSI:QUALITY_CONTROL:SCDBLFINDER (6); status: RUNNING; exit: -; error: -; workDir: /home/triller/Desktop/Projects/Pan-cancer_cell_line_heterogeneity/pan_cancer_heterogeneity/SERSI/run_all_samples/work/Pan_cancer/8c/5ffa11c574b982939012f2c04921e6]
Dec-08 12:59:23.970 [Task monitor] DEBUG n.processor.TaskPollingMonitor - Task completed > TaskHandler[id: 14; name: NFCORE_SERSI:SERSI:QUALITY_CONTROL:SCDBLFINDER (4); status: COMPLETED; exit: 0; error: -; workDir: /home/triller/Desktop/Projects/Pan-cancer_cell_line_heterogeneity/pan_cancer_heterogeneity/SERSI/run_all_samples/work/Pan_cancer/32/228ed6f173dd6ff72f144f89d3a4b0]
Dec-08 12:59:23.981 [Task submitter] DEBUG nextflow.executor.LocalTaskHandler - Launch cmd line: /bin/bash -ue .command.run
Dec-08 12:59:23.982 [Task submitter] INFO  nextflow.Session - [6b/c53557] Submitted process > NFCORE_SERSI:SERSI:QUALITY_CONTROL:SCDBLFINDER (7)
Dec-08 12:59:37.996 [Task submitter] DEBUG n.processor.TaskPollingMonitor - %% executor local > tasks in the submission queue: 7 -- tasks to be submitted are shown below
~> TaskHandler[id: 18; name: NFCORE_SERSI:SERSI:QUALITY_CONTROL:SCDBLFINDER (8); status: NEW; exit: -; error: -; workDir: /home/triller/Desktop/Projects/Pan-cancer_cell_line_heterogeneity/pan_cancer_heterogeneity/SERSI/run_all_samples/work/Pan_cancer/57/8d68bccfa5e19a1de6764858920368]
~> TaskHandler[id: 19; name: NFCORE_SERSI:SERSI:QUALITY_CONTROL:SCDBLFINDER (9); status: NEW; exit: -; error: -; workDir: /home/triller/Desktop/Projects/Pan-cancer_cell_line_heterogeneity/pan_cancer_heterogeneity/SERSI/run_all_samples/work/Pan_cancer/df/7f80483d885b754c96fa9f55dd0823]
~> TaskHandler[id: 20; name: NFCORE_SERSI:SERSI:COLLECT_REPORTS:REPORT (1); status: NEW; exit: -; error: -; workDir: /home/triller/Desktop/Projects/Pan-cancer_cell_line_heterogeneity/pan_cancer_heterogeneity/SERSI/run_all_samples/work/Pan_cancer/8a/75bc39a1f99e8889b5cc0e0e64cf8b]
~> TaskHandler[id: 21; name: NFCORE_SERSI:SERSI:QUALITY_CONTROL:MAD (1); status: NEW; exit: -; error: -; workDir: /home/triller/Desktop/Projects/Pan-cancer_cell_line_heterogeneity/pan_cancer_heterogeneity/SERSI/run_all_samples/work/Pan_cancer/b3/a1fb1f48422bae51541537b7be232d]
~> TaskHandler[id: 22; name: NFCORE_SERSI:SERSI:QUALITY_CONTROL:MAD (2); status: NEW; exit: -; error: -; workDir: /home/triller/Desktop/Projects/Pan-cancer_cell_line_heterogeneity/pan_cancer_heterogeneity/SERSI/run_all_samples/work/Pan_cancer/7f/0b9a3b8a7121a532c57ef207495e9e]
~> TaskHandler[id: 23; name: NFCORE_SERSI:SERSI:QUALITY_CONTROL:MAD (3); status: NEW; exit: -; error: -; workDir: /home/triller/Desktop/Projects/Pan-cancer_cell_line_heterogeneity/pan_cancer_heterogeneity/SERSI/run_all_samples/work/Pan_cancer/0c/bfaeabe93ec0103ab82ded7a24518f]
~> TaskHandler[id: 24; name: NFCORE_SERSI:SERSI:QUALITY_CONTROL:MAD (4); status: NEW; exit: -; error: -; workDir: /home/triller/Desktop/Projects/Pan-cancer_cell_line_heterogeneity/pan_cancer_heterogeneity/SERSI/run_all_samples/work/Pan_cancer/20/fb7bedbe2e15ca00bd51198624ed4b]
Dec-08 13:00:48.087 [Task monitor] DEBUG n.processor.TaskPollingMonitor - Task completed > TaskHandler[id: 16; name: NFCORE_SERSI:SERSI:QUALITY_CONTROL:SCDBLFINDER (6); status: COMPLETED; exit: 0; error: -; workDir: /home/triller/Desktop/Projects/Pan-cancer_cell_line_heterogeneity/pan_cancer_heterogeneity/SERSI/run_all_samples/work/Pan_cancer/8c/5ffa11c574b982939012f2c04921e6]
Dec-08 13:00:48.096 [Task submitter] DEBUG nextflow.executor.LocalTaskHandler - Launch cmd line: /bin/bash -ue .command.run
Dec-08 13:00:48.096 [Task submitter] INFO  nextflow.Session - [57/8d68bc] Submitted process > NFCORE_SERSI:SERSI:QUALITY_CONTROL:SCDBLFINDER (8)
Dec-08 13:00:55.352 [Task monitor] DEBUG n.processor.TaskPollingMonitor - Task completed > TaskHandler[id: 17; name: NFCORE_SERSI:SERSI:QUALITY_CONTROL:SCDBLFINDER (7); status: COMPLETED; exit: 0; error: -; workDir: /home/triller/Desktop/Projects/Pan-cancer_cell_line_heterogeneity/pan_cancer_heterogeneity/SERSI/run_all_samples/work/Pan_cancer/6b/c53557b341fa3ace87b46740d44ddc]
Dec-08 13:00:55.364 [Task submitter] DEBUG nextflow.executor.LocalTaskHandler - Launch cmd line: /bin/bash -ue .command.run
Dec-08 13:00:55.364 [Task submitter] INFO  nextflow.Session - [df/7f8048] Submitted process > NFCORE_SERSI:SERSI:QUALITY_CONTROL:SCDBLFINDER (9)
Dec-08 13:01:08.790 [Task monitor] DEBUG n.processor.TaskPollingMonitor - Task completed > TaskHandler[id: 15; name: NFCORE_SERSI:SERSI:QUALITY_CONTROL:SCDBLFINDER (5); status: COMPLETED; exit: 0; error: -; workDir: /home/triller/Desktop/Projects/Pan-cancer_cell_line_heterogeneity/pan_cancer_heterogeneity/SERSI/run_all_samples/work/Pan_cancer/93/706547b2e859294560198e0a9c728e]
Dec-08 13:01:08.799 [Task submitter] DEBUG nextflow.executor.LocalTaskHandler - Launch cmd line: /bin/bash -ue .command.run
Dec-08 13:01:08.800 [Task submitter] INFO  nextflow.Session - [8a/75bc39] Submitted process > NFCORE_SERSI:SERSI:COLLECT_REPORTS:REPORT (1)
Dec-08 13:01:16.611 [Task monitor] DEBUG n.processor.TaskPollingMonitor - Task completed > TaskHandler[id: 20; name: NFCORE_SERSI:SERSI:COLLECT_REPORTS:REPORT (1); status: COMPLETED; exit: 0; error: -; workDir: /home/triller/Desktop/Projects/Pan-cancer_cell_line_heterogeneity/pan_cancer_heterogeneity/SERSI/run_all_samples/work/Pan_cancer/8a/75bc39a1f99e8889b5cc0e0e64cf8b]
Dec-08 13:01:16.626 [Task submitter] DEBUG nextflow.executor.LocalTaskHandler - Launch cmd line: /bin/bash -ue .command.run
Dec-08 13:01:16.631 [Task submitter] INFO  nextflow.Session - [b3/a1fb1f] Submitted process > NFCORE_SERSI:SERSI:QUALITY_CONTROL:MAD (1)
Dec-08 13:01:57.656 [Task monitor] DEBUG n.processor.TaskPollingMonitor - Task completed > TaskHandler[id: 21; name: NFCORE_SERSI:SERSI:QUALITY_CONTROL:MAD (1); status: COMPLETED; exit: 0; error: -; workDir: /home/triller/Desktop/Projects/Pan-cancer_cell_line_heterogeneity/pan_cancer_heterogeneity/SERSI/run_all_samples/work/Pan_cancer/b3/a1fb1f48422bae51541537b7be232d]
Dec-08 13:01:57.660 [Task submitter] DEBUG nextflow.executor.LocalTaskHandler - Launch cmd line: /bin/bash -ue .command.run
Dec-08 13:01:57.661 [Task submitter] INFO  nextflow.Session - [7f/0b9a3b] Submitted process > NFCORE_SERSI:SERSI:QUALITY_CONTROL:MAD (2)
Dec-08 13:02:17.309 [Task monitor] DEBUG n.processor.TaskPollingMonitor - Task completed > TaskHandler[id: 18; name: NFCORE_SERSI:SERSI:QUALITY_CONTROL:SCDBLFINDER (8); status: COMPLETED; exit: 0; error: -; workDir: /home/triller/Desktop/Projects/Pan-cancer_cell_line_heterogeneity/pan_cancer_heterogeneity/SERSI/run_all_samples/work/Pan_cancer/57/8d68bccfa5e19a1de6764858920368]
Dec-08 13:02:17.316 [Task submitter] DEBUG nextflow.executor.LocalTaskHandler - Launch cmd line: /bin/bash -ue .command.run
Dec-08 13:02:17.316 [Task submitter] INFO  nextflow.Session - [0c/bfaeab] Submitted process > NFCORE_SERSI:SERSI:QUALITY_CONTROL:MAD (3)
Dec-08 13:02:36.753 [Task monitor] DEBUG n.processor.TaskPollingMonitor - Task completed > TaskHandler[id: 19; name: NFCORE_SERSI:SERSI:QUALITY_CONTROL:SCDBLFINDER (9); status: COMPLETED; exit: 0; error: -; workDir: /home/triller/Desktop/Projects/Pan-cancer_cell_line_heterogeneity/pan_cancer_heterogeneity/SERSI/run_all_samples/work/Pan_cancer/df/7f80483d885b754c96fa9f55dd0823]
Dec-08 13:02:36.760 [Task submitter] DEBUG nextflow.executor.LocalTaskHandler - Launch cmd line: /bin/bash -ue .command.run
Dec-08 13:02:36.760 [Task submitter] INFO  nextflow.Session - [20/fb7bed] Submitted process > NFCORE_SERSI:SERSI:QUALITY_CONTROL:MAD (4)
Dec-08 13:02:41.372 [Task monitor] DEBUG n.processor.TaskPollingMonitor - Task completed > TaskHandler[id: 22; name: NFCORE_SERSI:SERSI:QUALITY_CONTROL:MAD (2); status: COMPLETED; exit: 0; error: -; workDir: /home/triller/Desktop/Projects/Pan-cancer_cell_line_heterogeneity/pan_cancer_heterogeneity/SERSI/run_all_samples/work/Pan_cancer/7f/0b9a3b8a7121a532c57ef207495e9e]
Dec-08 13:02:41.380 [Task submitter] DEBUG nextflow.executor.LocalTaskHandler - Launch cmd line: /bin/bash -ue .command.run
Dec-08 13:02:41.380 [Task submitter] INFO  nextflow.Session - [58/1ef711] Submitted process > NFCORE_SERSI:SERSI:QUALITY_CONTROL:MAD (5)
Dec-08 13:02:59.276 [Task monitor] DEBUG n.processor.TaskPollingMonitor - Task completed > TaskHandler[id: 23; name: NFCORE_SERSI:SERSI:QUALITY_CONTROL:MAD (3); status: COMPLETED; exit: 0; error: -; workDir: /home/triller/Desktop/Projects/Pan-cancer_cell_line_heterogeneity/pan_cancer_heterogeneity/SERSI/run_all_samples/work/Pan_cancer/0c/bfaeabe93ec0103ab82ded7a24518f]
Dec-08 13:02:59.280 [Task submitter] DEBUG nextflow.executor.LocalTaskHandler - Launch cmd line: /bin/bash -ue .command.run
Dec-08 13:02:59.281 [Task submitter] INFO  nextflow.Session - [3c/ba0168] Submitted process > NFCORE_SERSI:SERSI:QUALITY_CONTROL:MAD (6)
Dec-08 13:03:08.931 [Task monitor] DEBUG n.processor.TaskPollingMonitor - Task completed > TaskHandler[id: 24; name: NFCORE_SERSI:SERSI:QUALITY_CONTROL:MAD (4); status: COMPLETED; exit: 0; error: -; workDir: /home/triller/Desktop/Projects/Pan-cancer_cell_line_heterogeneity/pan_cancer_heterogeneity/SERSI/run_all_samples/work/Pan_cancer/20/fb7bedbe2e15ca00bd51198624ed4b]
Dec-08 13:03:08.935 [Task submitter] DEBUG nextflow.executor.LocalTaskHandler - Launch cmd line: /bin/bash -ue .command.run
Dec-08 13:03:08.935 [Task submitter] INFO  nextflow.Session - [9c/643bb6] Submitted process > NFCORE_SERSI:SERSI:QUALITY_CONTROL:MAD (7)
Dec-08 13:03:22.507 [Task monitor] DEBUG n.processor.TaskPollingMonitor - Task completed > TaskHandler[id: 25; name: NFCORE_SERSI:SERSI:QUALITY_CONTROL:MAD (5); status: COMPLETED; exit: 0; error: -; workDir: /home/triller/Desktop/Projects/Pan-cancer_cell_line_heterogeneity/pan_cancer_heterogeneity/SERSI/run_all_samples/work/Pan_cancer/58/1ef71147b05c24b538e23708c58f72]
Dec-08 13:03:22.509 [Task submitter] DEBUG nextflow.executor.LocalTaskHandler - Launch cmd line: /bin/bash -ue .command.run
Dec-08 13:03:22.510 [Task submitter] INFO  nextflow.Session - [8d/2c7110] Submitted process > NFCORE_SERSI:SERSI:QUALITY_CONTROL:MAD (8)
Dec-08 13:03:29.008 [Task monitor] DEBUG n.processor.TaskPollingMonitor - Task completed > TaskHandler[id: 26; name: NFCORE_SERSI:SERSI:QUALITY_CONTROL:MAD (6); status: COMPLETED; exit: 0; error: -; workDir: /home/triller/Desktop/Projects/Pan-cancer_cell_line_heterogeneity/pan_cancer_heterogeneity/SERSI/run_all_samples/work/Pan_cancer/3c/ba0168801e31b007ea3647af808c13]
Dec-08 13:03:29.011 [Task submitter] DEBUG nextflow.executor.LocalTaskHandler - Launch cmd line: /bin/bash -ue .command.run
Dec-08 13:03:29.012 [Task submitter] INFO  nextflow.Session - [4a/4bbcc6] Submitted process > NFCORE_SERSI:SERSI:QUALITY_CONTROL:MAD (9)
Dec-08 13:03:48.435 [Task monitor] DEBUG n.processor.TaskPollingMonitor - Task completed > TaskHandler[id: 27; name: NFCORE_SERSI:SERSI:QUALITY_CONTROL:MAD (7); status: COMPLETED; exit: 0; error: -; workDir: /home/triller/Desktop/Projects/Pan-cancer_cell_line_heterogeneity/pan_cancer_heterogeneity/SERSI/run_all_samples/work/Pan_cancer/9c/643bb605816bcf7355012dd3987175]
Dec-08 13:03:55.600 [Task monitor] DEBUG n.processor.TaskPollingMonitor - Task completed > TaskHandler[id: 28; name: NFCORE_SERSI:SERSI:QUALITY_CONTROL:MAD (8); status: COMPLETED; exit: 0; error: -; workDir: /home/triller/Desktop/Projects/Pan-cancer_cell_line_heterogeneity/pan_cancer_heterogeneity/SERSI/run_all_samples/work/Pan_cancer/8d/2c71107f248084d87c731badb27128]
Dec-08 13:04:06.724 [Task monitor] DEBUG n.processor.TaskPollingMonitor - Task completed > TaskHandler[id: 29; name: NFCORE_SERSI:SERSI:QUALITY_CONTROL:MAD (9); status: COMPLETED; exit: 0; error: -; workDir: /home/triller/Desktop/Projects/Pan-cancer_cell_line_heterogeneity/pan_cancer_heterogeneity/SERSI/run_all_samples/work/Pan_cancer/4a/4bbcc6f1b8a5d8d79aa55579dc7eb8]
Dec-08 13:04:06.777 [Task submitter] DEBUG nextflow.executor.LocalTaskHandler - Launch cmd line: /bin/bash -ue .command.run
Dec-08 13:04:06.778 [Task submitter] INFO  nextflow.Session - [49/ebc787] Submitted process > NFCORE_SERSI:SERSI:MERGE_SAMPLES:SEURAT_MERGE
Dec-08 13:04:20.964 [Task monitor] DEBUG n.processor.TaskPollingMonitor - !! executor local > tasks to be completed: 1 -- submitted tasks are shown below
~> TaskHandler[id: 30; name: NFCORE_SERSI:SERSI:MERGE_SAMPLES:SEURAT_MERGE; status: RUNNING; exit: -; error: -; workDir: /home/triller/Desktop/Projects/Pan-cancer_cell_line_heterogeneity/pan_cancer_heterogeneity/SERSI/run_all_samples/work/Pan_cancer/49/ebc7878b865768e9ba5081c2ddda38]
Dec-08 13:09:21.056 [Task monitor] DEBUG n.processor.TaskPollingMonitor - !! executor local > tasks to be completed: 1 -- submitted tasks are shown below
~> TaskHandler[id: 30; name: NFCORE_SERSI:SERSI:MERGE_SAMPLES:SEURAT_MERGE; status: RUNNING; exit: -; error: -; workDir: /home/triller/Desktop/Projects/Pan-cancer_cell_line_heterogeneity/pan_cancer_heterogeneity/SERSI/run_all_samples/work/Pan_cancer/49/ebc7878b865768e9ba5081c2ddda38]
Dec-08 13:09:47.685 [Task monitor] DEBUG n.processor.TaskPollingMonitor - Task completed > TaskHandler[id: 30; name: NFCORE_SERSI:SERSI:MERGE_SAMPLES:SEURAT_MERGE; status: COMPLETED; exit: 0; error: -; workDir: /home/triller/Desktop/Projects/Pan-cancer_cell_line_heterogeneity/pan_cancer_heterogeneity/SERSI/run_all_samples/work/Pan_cancer/49/ebc7878b865768e9ba5081c2ddda38]
Dec-08 13:09:48.337 [Task submitter] DEBUG nextflow.executor.LocalTaskHandler - Launch cmd line: /bin/bash -ue .command.run
Dec-08 13:09:48.339 [Task submitter] INFO  nextflow.Session - [9e/0b134f] Submitted process > NFCORE_SERSI:SERSI:ACTIVITY_ASSAYS:SCWMEAN
Dec-08 13:14:21.142 [Task monitor] DEBUG n.processor.TaskPollingMonitor - !! executor local > tasks to be completed: 1 -- submitted tasks are shown below
~> TaskHandler[id: 31; name: NFCORE_SERSI:SERSI:ACTIVITY_ASSAYS:SCWMEAN; status: RUNNING; exit: -; error: -; workDir: /home/triller/Desktop/Projects/Pan-cancer_cell_line_heterogeneity/pan_cancer_heterogeneity/SERSI/run_all_samples/work/Pan_cancer/9e/0b134fb36d32484ed891b2c3a4c4b7]
Dec-08 13:19:21.183 [Task monitor] DEBUG n.processor.TaskPollingMonitor - !! executor local > tasks to be completed: 1 -- submitted tasks are shown below
~> TaskHandler[id: 31; name: NFCORE_SERSI:SERSI:ACTIVITY_ASSAYS:SCWMEAN; status: RUNNING; exit: -; error: -; workDir: /home/triller/Desktop/Projects/Pan-cancer_cell_line_heterogeneity/pan_cancer_heterogeneity/SERSI/run_all_samples/work/Pan_cancer/9e/0b134fb36d32484ed891b2c3a4c4b7]
Dec-08 13:24:21.268 [Task monitor] DEBUG n.processor.TaskPollingMonitor - !! executor local > tasks to be completed: 1 -- submitted tasks are shown below
~> TaskHandler[id: 31; name: NFCORE_SERSI:SERSI:ACTIVITY_ASSAYS:SCWMEAN; status: RUNNING; exit: -; error: -; workDir: /home/triller/Desktop/Projects/Pan-cancer_cell_line_heterogeneity/pan_cancer_heterogeneity/SERSI/run_all_samples/work/Pan_cancer/9e/0b134fb36d32484ed891b2c3a4c4b7]
Dec-08 13:29:21.340 [Task monitor] DEBUG n.processor.TaskPollingMonitor - !! executor local > tasks to be completed: 1 -- submitted tasks are shown below
~> TaskHandler[id: 31; name: NFCORE_SERSI:SERSI:ACTIVITY_ASSAYS:SCWMEAN; status: RUNNING; exit: -; error: -; workDir: /home/triller/Desktop/Projects/Pan-cancer_cell_line_heterogeneity/pan_cancer_heterogeneity/SERSI/run_all_samples/work/Pan_cancer/9e/0b134fb36d32484ed891b2c3a4c4b7]
Dec-08 13:34:21.433 [Task monitor] DEBUG n.processor.TaskPollingMonitor - !! executor local > tasks to be completed: 1 -- submitted tasks are shown below
~> TaskHandler[id: 31; name: NFCORE_SERSI:SERSI:ACTIVITY_ASSAYS:SCWMEAN; status: RUNNING; exit: -; error: -; workDir: /home/triller/Desktop/Projects/Pan-cancer_cell_line_heterogeneity/pan_cancer_heterogeneity/SERSI/run_all_samples/work/Pan_cancer/9e/0b134fb36d32484ed891b2c3a4c4b7]
Dec-08 13:39:21.516 [Task monitor] DEBUG n.processor.TaskPollingMonitor - !! executor local > tasks to be completed: 1 -- submitted tasks are shown below
~> TaskHandler[id: 31; name: NFCORE_SERSI:SERSI:ACTIVITY_ASSAYS:SCWMEAN; status: RUNNING; exit: -; error: -; workDir: /home/triller/Desktop/Projects/Pan-cancer_cell_line_heterogeneity/pan_cancer_heterogeneity/SERSI/run_all_samples/work/Pan_cancer/9e/0b134fb36d32484ed891b2c3a4c4b7]
Dec-08 13:44:21.588 [Task monitor] DEBUG n.processor.TaskPollingMonitor - !! executor local > tasks to be completed: 1 -- submitted tasks are shown below
~> TaskHandler[id: 31; name: NFCORE_SERSI:SERSI:ACTIVITY_ASSAYS:SCWMEAN; status: RUNNING; exit: -; error: -; workDir: /home/triller/Desktop/Projects/Pan-cancer_cell_line_heterogeneity/pan_cancer_heterogeneity/SERSI/run_all_samples/work/Pan_cancer/9e/0b134fb36d32484ed891b2c3a4c4b7]
Dec-08 13:49:21.621 [Task monitor] DEBUG n.processor.TaskPollingMonitor - !! executor local > tasks to be completed: 1 -- submitted tasks are shown below
~> TaskHandler[id: 31; name: NFCORE_SERSI:SERSI:ACTIVITY_ASSAYS:SCWMEAN; status: RUNNING; exit: -; error: -; workDir: /home/triller/Desktop/Projects/Pan-cancer_cell_line_heterogeneity/pan_cancer_heterogeneity/SERSI/run_all_samples/work/Pan_cancer/9e/0b134fb36d32484ed891b2c3a4c4b7]
Dec-08 13:54:21.601 [Task monitor] DEBUG n.processor.TaskPollingMonitor - !! executor local > tasks to be completed: 1 -- submitted tasks are shown below
~> TaskHandler[id: 31; name: NFCORE_SERSI:SERSI:ACTIVITY_ASSAYS:SCWMEAN; status: RUNNING; exit: -; error: -; workDir: /home/triller/Desktop/Projects/Pan-cancer_cell_line_heterogeneity/pan_cancer_heterogeneity/SERSI/run_all_samples/work/Pan_cancer/9e/0b134fb36d32484ed891b2c3a4c4b7]
Dec-08 13:59:21.602 [Task monitor] DEBUG n.processor.TaskPollingMonitor - !! executor local > tasks to be completed: 1 -- submitted tasks are shown below
~> TaskHandler[id: 31; name: NFCORE_SERSI:SERSI:ACTIVITY_ASSAYS:SCWMEAN; status: RUNNING; exit: -; error: -; workDir: /home/triller/Desktop/Projects/Pan-cancer_cell_line_heterogeneity/pan_cancer_heterogeneity/SERSI/run_all_samples/work/Pan_cancer/9e/0b134fb36d32484ed891b2c3a4c4b7]
Dec-08 14:04:21.724 [Task monitor] DEBUG n.processor.TaskPollingMonitor - !! executor local > tasks to be completed: 1 -- submitted tasks are shown below
~> TaskHandler[id: 31; name: NFCORE_SERSI:SERSI:ACTIVITY_ASSAYS:SCWMEAN; status: RUNNING; exit: -; error: -; workDir: /home/triller/Desktop/Projects/Pan-cancer_cell_line_heterogeneity/pan_cancer_heterogeneity/SERSI/run_all_samples/work/Pan_cancer/9e/0b134fb36d32484ed891b2c3a4c4b7]
Dec-08 14:09:21.733 [Task monitor] DEBUG n.processor.TaskPollingMonitor - !! executor local > tasks to be completed: 1 -- submitted tasks are shown below
~> TaskHandler[id: 31; name: NFCORE_SERSI:SERSI:ACTIVITY_ASSAYS:SCWMEAN; status: RUNNING; exit: -; error: -; workDir: /home/triller/Desktop/Projects/Pan-cancer_cell_line_heterogeneity/pan_cancer_heterogeneity/SERSI/run_all_samples/work/Pan_cancer/9e/0b134fb36d32484ed891b2c3a4c4b7]
Dec-08 14:13:15.515 [Task monitor] DEBUG n.processor.TaskPollingMonitor - Task completed > TaskHandler[id: 31; name: NFCORE_SERSI:SERSI:ACTIVITY_ASSAYS:SCWMEAN; status: COMPLETED; exit: 0; error: -; workDir: /home/triller/Desktop/Projects/Pan-cancer_cell_line_heterogeneity/pan_cancer_heterogeneity/SERSI/run_all_samples/work/Pan_cancer/9e/0b134fb36d32484ed891b2c3a4c4b7]
Dec-08 14:13:16.395 [Task submitter] DEBUG nextflow.executor.LocalTaskHandler - Launch cmd line: /bin/bash -ue .command.run
Dec-08 14:13:16.397 [Task submitter] INFO  nextflow.Session - [f5/f35a28] Submitted process > NFCORE_SERSI:SERSI:PARAMETER_OPTIMIZATION:MAXLIKGLOBALDIMEST
Dec-08 14:13:16.414 [Task submitter] DEBUG nextflow.executor.LocalTaskHandler - Launch cmd line: /bin/bash -ue .command.run
Dec-08 14:13:16.414 [Task submitter] INFO  nextflow.Session - [42/e4c893] Submitted process > NFCORE_SERSI:SERSI:PARAMETER_OPTIMIZATION:ADDRESOLUTION
Dec-08 14:13:22.950 [Task monitor] DEBUG n.processor.TaskPollingMonitor - Task completed > TaskHandler[id: 33; name: NFCORE_SERSI:SERSI:PARAMETER_OPTIMIZATION:ADDRESOLUTION; status: COMPLETED; exit: 0; error: -; workDir: /home/triller/Desktop/Projects/Pan-cancer_cell_line_heterogeneity/pan_cancer_heterogeneity/SERSI/run_all_samples/work/Pan_cancer/42/e4c893833616748faa5b8a94aca08b]
Dec-08 14:14:21.785 [Task monitor] DEBUG n.processor.TaskPollingMonitor - !! executor local > tasks to be completed: 1 -- submitted tasks are shown below
~> TaskHandler[id: 32; name: NFCORE_SERSI:SERSI:PARAMETER_OPTIMIZATION:MAXLIKGLOBALDIMEST; status: RUNNING; exit: -; error: -; workDir: /home/triller/Desktop/Projects/Pan-cancer_cell_line_heterogeneity/pan_cancer_heterogeneity/SERSI/run_all_samples/work/Pan_cancer/f5/f35a2828eed8c99461482e03af317e]
Dec-08 14:19:21.835 [Task monitor] DEBUG n.processor.TaskPollingMonitor - !! executor local > tasks to be completed: 1 -- submitted tasks are shown below
~> TaskHandler[id: 32; name: NFCORE_SERSI:SERSI:PARAMETER_OPTIMIZATION:MAXLIKGLOBALDIMEST; status: RUNNING; exit: -; error: -; workDir: /home/triller/Desktop/Projects/Pan-cancer_cell_line_heterogeneity/pan_cancer_heterogeneity/SERSI/run_all_samples/work/Pan_cancer/f5/f35a2828eed8c99461482e03af317e]
Dec-08 14:24:21.878 [Task monitor] DEBUG n.processor.TaskPollingMonitor - !! executor local > tasks to be completed: 1 -- submitted tasks are shown below
~> TaskHandler[id: 32; name: NFCORE_SERSI:SERSI:PARAMETER_OPTIMIZATION:MAXLIKGLOBALDIMEST; status: RUNNING; exit: -; error: -; workDir: /home/triller/Desktop/Projects/Pan-cancer_cell_line_heterogeneity/pan_cancer_heterogeneity/SERSI/run_all_samples/work/Pan_cancer/f5/f35a2828eed8c99461482e03af317e]
Dec-08 14:29:21.981 [Task monitor] DEBUG n.processor.TaskPollingMonitor - !! executor local > tasks to be completed: 1 -- submitted tasks are shown below
~> TaskHandler[id: 32; name: NFCORE_SERSI:SERSI:PARAMETER_OPTIMIZATION:MAXLIKGLOBALDIMEST; status: RUNNING; exit: -; error: -; workDir: /home/triller/Desktop/Projects/Pan-cancer_cell_line_heterogeneity/pan_cancer_heterogeneity/SERSI/run_all_samples/work/Pan_cancer/f5/f35a2828eed8c99461482e03af317e]
Dec-08 14:34:22.007 [Task monitor] DEBUG n.processor.TaskPollingMonitor - !! executor local > tasks to be completed: 1 -- submitted tasks are shown below
~> TaskHandler[id: 32; name: NFCORE_SERSI:SERSI:PARAMETER_OPTIMIZATION:MAXLIKGLOBALDIMEST; status: RUNNING; exit: -; error: -; workDir: /home/triller/Desktop/Projects/Pan-cancer_cell_line_heterogeneity/pan_cancer_heterogeneity/SERSI/run_all_samples/work/Pan_cancer/f5/f35a2828eed8c99461482e03af317e]
Dec-08 14:34:40.691 [Task monitor] DEBUG n.processor.TaskPollingMonitor - Task completed > TaskHandler[id: 32; name: NFCORE_SERSI:SERSI:PARAMETER_OPTIMIZATION:MAXLIKGLOBALDIMEST; status: COMPLETED; exit: 0; error: -; workDir: /home/triller/Desktop/Projects/Pan-cancer_cell_line_heterogeneity/pan_cancer_heterogeneity/SERSI/run_all_samples/work/Pan_cancer/f5/f35a2828eed8c99461482e03af317e]
Dec-08 14:34:40.712 [Actor Thread 4] WARN  nextflow.processor.TaskProcessor - Input tuple does not match input set cardinality declared by process `NFCORE_SERSI:SERSI:CLUSTERING:SEURAT_CLUSTERING` -- offending value: [[seurat_resolution, 0.8], [npcs_RNA, 16], [npcs_SCT, -], [npcs_integrated, -], [npcs_viper, -], [npcs_progeny, -], [npcs_wmean, 24], [npcs_corr_wmean, 24], [npcs_norm_wmean, 24]]
Dec-08 14:34:40.742 [Task submitter] DEBUG nextflow.executor.LocalTaskHandler - Launch cmd line: /bin/bash -ue .command.run
Dec-08 14:34:40.743 [Task submitter] INFO  nextflow.Session - [f4/d9572c] Submitted process > NFCORE_SERSI:SERSI:CLUSTERING:SEURAT_CLUSTERING (1)
Dec-08 14:39:22.079 [Task monitor] DEBUG n.processor.TaskPollingMonitor - !! executor local > tasks to be completed: 1 -- submitted tasks are shown below
~> TaskHandler[id: 34; name: NFCORE_SERSI:SERSI:CLUSTERING:SEURAT_CLUSTERING (1); status: RUNNING; exit: -; error: -; workDir: /home/triller/Desktop/Projects/Pan-cancer_cell_line_heterogeneity/pan_cancer_heterogeneity/SERSI/run_all_samples/work/Pan_cancer/f4/d9572c196594081e7577d166e79fb6]
Dec-08 14:41:09.231 [Task monitor] DEBUG n.processor.TaskPollingMonitor - Task completed > TaskHandler[id: 34; name: NFCORE_SERSI:SERSI:CLUSTERING:SEURAT_CLUSTERING (1); status: COMPLETED; exit: 0; error: -; workDir: /home/triller/Desktop/Projects/Pan-cancer_cell_line_heterogeneity/pan_cancer_heterogeneity/SERSI/run_all_samples/work/Pan_cancer/f4/d9572c196594081e7577d166e79fb6]
Dec-08 14:41:09.304 [Task submitter] DEBUG nextflow.executor.LocalTaskHandler - Launch cmd line: /bin/bash -ue .command.run
Dec-08 14:41:09.305 [Task submitter] INFO  nextflow.Session - [63/692c67] Submitted process > NFCORE_SERSI:SERSI:ANNOTATION:SCMRMA (1)
Dec-08 14:44:22.164 [Task monitor] DEBUG n.processor.TaskPollingMonitor - !! executor local > tasks to be completed: 1 -- submitted tasks are shown below
~> TaskHandler[id: 35; name: NFCORE_SERSI:SERSI:ANNOTATION:SCMRMA (1); status: RUNNING; exit: -; error: -; workDir: /home/triller/Desktop/Projects/Pan-cancer_cell_line_heterogeneity/pan_cancer_heterogeneity/SERSI/run_all_samples/work/Pan_cancer/63/692c67ae024264fb56673f9f9d42fc]
Dec-08 14:47:50.763 [Task monitor] DEBUG n.processor.TaskPollingMonitor - Task completed > TaskHandler[id: 35; name: NFCORE_SERSI:SERSI:ANNOTATION:SCMRMA (1); status: COMPLETED; exit: 0; error: -; workDir: /home/triller/Desktop/Projects/Pan-cancer_cell_line_heterogeneity/pan_cancer_heterogeneity/SERSI/run_all_samples/work/Pan_cancer/63/692c67ae024264fb56673f9f9d42fc]
Dec-08 14:47:50.957 [main] DEBUG nextflow.Session - Session await > all process finished
Dec-08 14:47:51.113 [main] DEBUG nextflow.Session - Session await > all barriers passed
Dec-08 14:47:51.222 [main] INFO  nextflow.Nextflow - -[0;35m[nf-core/iris][0;32m Pipeline completed successfully[0m-
Dec-08 14:47:56.126 [main] DEBUG nextflow.trace.WorkflowStatsObserver - Workflow completed > WorkflowStats[succeededCount=35; failedCount=0; ignoredCount=0; cachedCount=0; pendingCount=0; submittedCount=0; runningCount=0; retriesCount=0; abortedCount=0; succeedDuration=4h 45m 48s; failedDuration=0ms; cachedDuration=0ms;loadCpus=0; loadMemory=0; peakRunning=3; peakCpus=6; peakMemory=12 GB; ]
Dec-08 14:47:56.126 [main] DEBUG nextflow.trace.TraceFileObserver - Flow completing -- flushing trace file
Dec-08 14:47:56.142 [main] DEBUG nextflow.trace.ReportObserver - Flow completing -- rendering html report
Dec-08 14:47:56.776 [main] DEBUG nextflow.trace.ReportObserver - Execution report summary data:
  [{"cpuUsage":{"mean":96.4,"min":96.4,"q1":96.4,"q2":96.4,"q3":96.4,"max":96.4,"minLabel":"NFCORE_SERSI:SERSI:INPUT_CHECK:SAMPLESHEET_CHECK (Input_full.csv)","maxLabel":"NFCORE_SERSI:SERSI:INPUT_CHECK:SAMPLESHEET_CHECK (Input_full.csv)","q1Label":"NFCORE_SERSI:SERSI:INPUT_CHECK:SAMPLESHEET_CHECK (Input_full.csv)","q2Label":"NFCORE_SERSI:SERSI:INPUT_CHECK:SAMPLESHEET_CHECK (Input_full.csv)","q3Label":"NFCORE_SERSI:SERSI:INPUT_CHECK:SAMPLESHEET_CHECK (Input_full.csv)"},"process":"SAMPLESHEET_CHECK","mem":{"mean":4714496,"min":4714496,"q1":4714496,"q2":4714496,"q3":4714496,"max":4714496,"minLabel":"NFCORE_SERSI:SERSI:INPUT_CHECK:SAMPLESHEET_CHECK (Input_full.csv)","maxLabel":"NFCORE_SERSI:SERSI:INPUT_CHECK:SAMPLESHEET_CHECK (Input_full.csv)","q1Label":"NFCORE_SERSI:SERSI:INPUT_CHECK:SAMPLESHEET_CHECK (Input_full.csv)","q2Label":"NFCORE_SERSI:SERSI:INPUT_CHECK:SAMPLESHEET_CHECK (Input_full.csv)","q3Label":"NFCORE_SERSI:SERSI:INPUT_CHECK:SAMPLESHEET_CHECK (Input_full.csv)"},"memUsage":{"mean":0.07,"min":0.07,"q1":0.07,"q2":0.07,"q3":0.07,"max":0.07,"minLabel":"NFCORE_SERSI:SERSI:INPUT_CHECK:SAMPLESHEET_CHECK (Input_full.csv)","maxLabel":"NFCORE_SERSI:SERSI:INPUT_CHECK:SAMPLESHEET_CHECK (Input_full.csv)","q1Label":"NFCORE_SERSI:SERSI:INPUT_CHECK:SAMPLESHEET_CHECK (Input_full.csv)","q2Label":"NFCORE_SERSI:SERSI:INPUT_CHECK:SAMPLESHEET_CHECK (Input_full.csv)","q3Label":"NFCORE_SERSI:SERSI:INPUT_CHECK:SAMPLESHEET_CHECK (Input_full.csv)"},"timeUsage":null,"vmem":{"mean":31240192,"min":31240192,"q1":31240192,"q2":31240192,"q3":31240192,"max":31240192,"minLabel":"NFCORE_SERSI:SERSI:INPUT_CHECK:SAMPLESHEET_CHECK (Input_full.csv)","maxLabel":"NFCORE_SERSI:SERSI:INPUT_CHECK:SAMPLESHEET_CHECK (Input_full.csv)","q1Label":"NFCORE_SERSI:SERSI:INPUT_CHECK:SAMPLESHEET_CHECK (Input_full.csv)","q2Label":"NFCORE_SERSI:SERSI:INPUT_CHECK:SAMPLESHEET_CHECK (Input_full.csv)","q3Label":"NFCORE_SERSI:SERSI:INPUT_CHECK:SAMPLESHEET_CHECK (Input_full.csv)"},"reads":{"mean":1496979,"min":1496979,"q1":1496979,"q2":1496979,"q3":1496979,"max":1496979,"minLabel":"NFCORE_SERSI:SERSI:INPUT_CHECK:SAMPLESHEET_CHECK (Input_full.csv)","maxLabel":"NFCORE_SERSI:SERSI:INPUT_CHECK:SAMPLESHEET_CHECK (Input_full.csv)","q1Label":"NFCORE_SERSI:SERSI:INPUT_CHECK:SAMPLESHEET_CHECK (Input_full.csv)","q2Label":"NFCORE_SERSI:SERSI:INPUT_CHECK:SAMPLESHEET_CHECK (Input_full.csv)","q3Label":"NFCORE_SERSI:SERSI:INPUT_CHECK:SAMPLESHEET_CHECK (Input_full.csv)"},"cpu":{"mean":96.4,"min":96.4,"q1":96.4,"q2":96.4,"q3":96.4,"max":96.4,"minLabel":"NFCORE_SERSI:SERSI:INPUT_CHECK:SAMPLESHEET_CHECK (Input_full.csv)","maxLabel":"NFCORE_SERSI:SERSI:INPUT_CHECK:SAMPLESHEET_CHECK (Input_full.csv)","q1Label":"NFCORE_SERSI:SERSI:INPUT_CHECK:SAMPLESHEET_CHECK (Input_full.csv)","q2Label":"NFCORE_SERSI:SERSI:INPUT_CHECK:SAMPLESHEET_CHECK (Input_full.csv)","q3Label":"NFCORE_SERSI:SERSI:INPUT_CHECK:SAMPLESHEET_CHECK (Input_full.csv)"},"time":null,"writes":{"mean":1540,"min":1540,"q1":1540,"q2":1540,"q3":1540,"max":1540,"minLabel":"NFCORE_SERSI:SERSI:INPUT_CHECK:SAMPLESHEET_CHECK (Input_full.csv)","maxLabel":"NFCORE_SERSI:SERSI:INPUT_CHECK:SAMPLESHEET_CHECK (Input_full.csv)","q1Label":"NFCORE_SERSI:SERSI:INPUT_CHECK:SAMPLESHEET_CHECK (Input_full.csv)","q2Label":"NFCORE_SERSI:SERSI:INPUT_CHECK:SAMPLESHEET_CHECK (Input_full.csv)","q3Label":"NFCORE_SERSI:SERSI:INPUT_CHECK:SAMPLESHEET_CHECK (Input_full.csv)"}},{"cpuUsage":{"mean":51.88,"min":50.7,"q1":51.3,"q2":52.15,"q3":52.4,"max":52.75,"minLabel":"NFCORE_SERSI:SERSI:READ_IN_DATA:SEURAT_READ_DATA (8)","maxLabel":"NFCORE_SERSI:SERSI:READ_IN_DATA:SEURAT_READ_DATA (4)","q1Label":"NFCORE_SERSI:SERSI:READ_IN_DATA:SEURAT_READ_DATA (5)","q2Label":"NFCORE_SERSI:SERSI:READ_IN_DATA:SEURAT_READ_DATA (7)","q3Label":"NFCORE_SERSI:SERSI:READ_IN_DATA:SEURAT_READ_DATA (3)"},"process":"SEURAT_READ_DATA","mem":{"mean":1303397717.33,"min":1177165824,"q1":1202884608,"q2":1354153984,"q3":1373716480,"max":1380589568,"minLabel":"NFCORE_SERSI:SERSI:READ_IN_DATA:SEURAT_READ_DATA (3)","maxLabel":"NFCORE_SERSI:SERSI:READ_IN_DATA:SEURAT_READ_DATA (5)","q1Label":"NFCORE_SERSI:SERSI:READ_IN_DATA:SEURAT_READ_DATA (6)","q2Label":"NFCORE_SERSI:SERSI:READ_IN_DATA:SEURAT_READ_DATA (2)","q3Label":"NFCORE_SERSI:SERSI:READ_IN_DATA:SEURAT_READ_DATA (4)"},"memUsage":{"mean":30.35,"min":27.41,"q1":28.01,"q2":31.53,"q3":31.98,"max":32.14,"minLabel":"NFCORE_SERSI:SERSI:READ_IN_DATA:SEURAT_READ_DATA (3)","maxLabel":"NFCORE_SERSI:SERSI:READ_IN_DATA:SEURAT_READ_DATA (5)","q1Label":"NFCORE_SERSI:SERSI:READ_IN_DATA:SEURAT_READ_DATA (6)","q2Label":"NFCORE_SERSI:SERSI:READ_IN_DATA:SEURAT_READ_DATA (2)","q3Label":"NFCORE_SERSI:SERSI:READ_IN_DATA:SEURAT_READ_DATA (4)"},"timeUsage":{"mean":0.3,"min":0.25,"q1":0.27,"q2":0.33,"q3":0.34,"max":0.34,"minLabel":"NFCORE_SERSI:SERSI:READ_IN_DATA:SEURAT_READ_DATA (4)","maxLabel":"NFCORE_SERSI:SERSI:READ_IN_DATA:SEURAT_READ_DATA (5)","q1Label":"NFCORE_SERSI:SERSI:READ_IN_DATA:SEURAT_READ_DATA (9)","q2Label":"NFCORE_SERSI:SERSI:READ_IN_DATA:SEURAT_READ_DATA (7)","q3Label":"NFCORE_SERSI:SERSI:READ_IN_DATA:SEURAT_READ_DATA (2)"},"vmem":{"mean":2490629688.89,"min":2327457792,"q1":2352783360,"q2":2504372224,"q3":2530508800,"max":2691117056,"minLabel":"NFCORE_SERSI:SERSI:READ_IN_DATA:SEURAT_READ_DATA (3)","maxLabel":"NFCORE_SERSI:SERSI:READ_IN_DATA:SEURAT_READ_DATA (4)","q1Label":"NFCORE_SERSI:SERSI:READ_IN_DATA:SEURAT_READ_DATA (6)","q2Label":"NFCORE_SERSI:SERSI:READ_IN_DATA:SEURAT_READ_DATA (2)","q3Label":"NFCORE_SERSI:SERSI:READ_IN_DATA:SEURAT_READ_DATA (5)"},"reads":{"mean":173323189.78,"min":146254301,"q1":157160081,"q2":180613104,"q3":189446954,"max":196167670,"minLabel":"NFCORE_SERSI:SERSI:READ_IN_DATA:SEURAT_READ_DATA (4)","maxLabel":"NFCORE_SERSI:SERSI:READ_IN_DATA:SEURAT_READ_DATA (5)","q1Label":"NFCORE_SERSI:SERSI:READ_IN_DATA:SEURAT_READ_DATA (9)","q2Label":"NFCORE_SERSI:SERSI:READ_IN_DATA:SEURAT_READ_DATA (8)","q3Label":"NFCORE_SERSI:SERSI:READ_IN_DATA:SEURAT_READ_DATA (2)"},"cpu":{"mean":103.76,"min":101.4,"q1":102.6,"q2":104.3,"q3":104.8,"max":105.5,"minLabel":"NFCORE_SERSI:SERSI:READ_IN_DATA:SEURAT_READ_DATA (8)","maxLabel":"NFCORE_SERSI:SERSI:READ_IN_DATA:SEURAT_READ_DATA (4)","q1Label":"NFCORE_SERSI:SERSI:READ_IN_DATA:SEURAT_READ_DATA (5)","q2Label":"NFCORE_SERSI:SERSI:READ_IN_DATA:SEURAT_READ_DATA (7)","q3Label":"NFCORE_SERSI:SERSI:READ_IN_DATA:SEURAT_READ_DATA (3)"},"time":{"mean":43820.11,"min":36004,"q1":38915,"q2":47424,"q3":48653,"max":49578,"minLabel":"NFCORE_SERSI:SERSI:READ_IN_DATA:SEURAT_READ_DATA (4)","maxLabel":"NFCORE_SERSI:SERSI:READ_IN_DATA:SEURAT_READ_DATA (5)","q1Label":"NFCORE_SERSI:SERSI:READ_IN_DATA:SEURAT_READ_DATA (9)","q2Label":"NFCORE_SERSI:SERSI:READ_IN_DATA:SEURAT_READ_DATA (7)","q3Label":"NFCORE_SERSI:SERSI:READ_IN_DATA:SEURAT_READ_DATA (2)"},"writes":{"mean":110348325.11,"min":83007577,"q1":94041061,"q2":117616730,"q3":126449743,"max":133124472,"minLabel":"NFCORE_SERSI:SERSI:READ_IN_DATA:SEURAT_READ_DATA (4)","maxLabel":"NFCORE_SERSI:SERSI:READ_IN_DATA:SEURAT_READ_DATA (5)","q1Label":"NFCORE_SERSI:SERSI:READ_IN_DATA:SEURAT_READ_DATA (9)","q2Label":"NFCORE_SERSI:SERSI:READ_IN_DATA:SEURAT_READ_DATA (8)","q3Label":"NFCORE_SERSI:SERSI:READ_IN_DATA:SEURAT_READ_DATA (2)"}},{"cpuUsage":{"mean":64.79,"min":60.2,"q1":62.75,"q2":65.05,"q3":67.45,"max":68.55,"minLabel":"NFCORE_SERSI:SERSI:QUALITY_CONTROL:SCDBLFINDER (3)","maxLabel":"NFCORE_SERSI:SERSI:QUALITY_CONTROL:SCDBLFINDER (7)","q1Label":"NFCORE_SERSI:SERSI:QUALITY_CONTROL:SCDBLFINDER (6)","q2Label":"NFCORE_SERSI:SERSI:QUALITY_CONTROL:SCDBLFINDER (5)","q3Label":"NFCORE_SERSI:SERSI:QUALITY_CONTROL:SCDBLFINDER (8)"},"process":"SCDBLFINDER","mem":{"mean":3301747370.67,"min":2848579584,"q1":3101532160,"q2":3273437184,"q3":3591815168,"max":3636809728,"minLabel":"NFCORE_SERSI:SERSI:QUALITY_CONTROL:SCDBLFINDER (7)","maxLabel":"NFCORE_SERSI:SERSI:QUALITY_CONTROL:SCDBLFINDER (5)","q1Label":"NFCORE_SERSI:SERSI:QUALITY_CONTROL:SCDBLFINDER (8)","q2Label":"NFCORE_SERSI:SERSI:QUALITY_CONTROL:SCDBLFINDER (9)","q3Label":"NFCORE_SERSI:SERSI:QUALITY_CONTROL:SCDBLFINDER (3)"},"memUsage":{"mean":76.87,"min":66.32,"q1":72.21,"q2":76.22,"q3":83.63,"max":84.68,"minLabel":"NFCORE_SERSI:SERSI:QUALITY_CONTROL:SCDBLFINDER (7)","maxLabel":"NFCORE_SERSI:SERSI:QUALITY_CONTROL:SCDBLFINDER (5)","q1Label":"NFCORE_SERSI:SERSI:QUALITY_CONTROL:SCDBLFINDER (8)","q2Label":"NFCORE_SERSI:SERSI:QUALITY_CONTROL:SCDBLFINDER (9)","q3Label":"NFCORE_SERSI:SERSI:QUALITY_CONTROL:SCDBLFINDER (3)"},"timeUsage":{"mean":0.72,"min":0.56,"q1":0.63,"q2":0.7,"q3":0.77,"max":0.93,"minLabel":"NFCORE_SERSI:SERSI:QUALITY_CONTROL:SCDBLFINDER (4)","maxLabel":"NFCORE_SERSI:SERSI:QUALITY_CONTROL:SCDBLFINDER (5)","q1Label":"NFCORE_SERSI:SERSI:QUALITY_CONTROL:SCDBLFINDER (7)","q2Label":"NFCORE_SERSI:SERSI:QUALITY_CONTROL:SCDBLFINDER (9)","q3Label":"NFCORE_SERSI:SERSI:QUALITY_CONTROL:SCDBLFINDER (6)"},"vmem":{"mean":4724436992,"min":4219068416,"q1":4479668224,"q2":4714090496,"q3":5065895936,"max":5115424768,"minLabel":"NFCORE_SERSI:SERSI:QUALITY_CONTROL:SCDBLFINDER (7)","maxLabel":"NFCORE_SERSI:SERSI:QUALITY_CONTROL:SCDBLFINDER (2)","q1Label":"NFCORE_SERSI:SERSI:QUALITY_CONTROL:SCDBLFINDER (8)","q2Label":"NFCORE_SERSI:SERSI:QUALITY_CONTROL:SCDBLFINDER (9)","q3Label":"NFCORE_SERSI:SERSI:QUALITY_CONTROL:SCDBLFINDER (3)"},"reads":{"mean":173914364.89,"min":146893575,"q1":157802963,"q2":181196922,"q3":190043386,"max":196772555,"minLabel":"NFCORE_SERSI:SERSI:QUALITY_CONTROL:SCDBLFINDER (7)","maxLabel":"NFCORE_SERSI:SERSI:QUALITY_CONTROL:SCDBLFINDER (3)","q1Label":"NFCORE_SERSI:SERSI:QUALITY_CONTROL:SCDBLFINDER (8)","q2Label":"NFCORE_SERSI:SERSI:QUALITY_CONTROL:SCDBLFINDER (9)","q3Label":"NFCORE_SERSI:SERSI:QUALITY_CONTROL:SCDBLFINDER (6)"},"cpu":{"mean":129.58,"min":120.4,"q1":125.5,"q2":130.1,"q3":134.9,"max":137.1,"minLabel":"NFCORE_SERSI:SERSI:QUALITY_CONTROL:SCDBLFINDER (3)","maxLabel":"NFCORE_SERSI:SERSI:QUALITY_CONTROL:SCDBLFINDER (7)","q1Label":"NFCORE_SERSI:SERSI:QUALITY_CONTROL:SCDBLFINDER (6)","q2Label":"NFCORE_SERSI:SERSI:QUALITY_CONTROL:SCDBLFINDER (5)","q3Label":"NFCORE_SERSI:SERSI:QUALITY_CONTROL:SCDBLFINDER (8)"},"time":{"mean":103016.56,"min":80719,"q1":90409,"q2":100978,"q3":110592,"max":134505,"minLabel":"NFCORE_SERSI:SERSI:QUALITY_CONTROL:SCDBLFINDER (4)","maxLabel":"NFCORE_SERSI:SERSI:QUALITY_CONTROL:SCDBLFINDER (5)","q1Label":"NFCORE_SERSI:SERSI:QUALITY_CONTROL:SCDBLFINDER (7)","q2Label":"NFCORE_SERSI:SERSI:QUALITY_CONTROL:SCDBLFINDER (9)","q3Label":"NFCORE_SERSI:SERSI:QUALITY_CONTROL:SCDBLFINDER (6)"},"writes":{"mean":116698559.67,"min":90174413,"q1":97390725,"q2":124069949,"q3":133341949,"max":138430277,"minLabel":"NFCORE_SERSI:SERSI:QUALITY_CONTROL:SCDBLFINDER (7)","maxLabel":"NFCORE_SERSI:SERSI:QUALITY_CONTROL:SCDBLFINDER (3)","q1Label":"NFCORE_SERSI:SERSI:QUALITY_CONTROL:SCDBLFINDER (8)","q2Label":"NFCORE_SERSI:SERSI:QUALITY_CONTROL:SCDBLFINDER (9)","q3Label":"NFCORE_SERSI:SERSI:QUALITY_CONTROL:SCDBLFINDER (5)"}},{"cpuUsage":{"mean":57.3,"min":57.3,"q1":57.3,"q2":57.3,"q3":57.3,"max":57.3,"minLabel":"NFCORE_SERSI:SERSI:COLLECT_REPORTS:REPORT (1)","maxLabel":"NFCORE_SERSI:SERSI:COLLECT_REPORTS:REPORT (1)","q1Label":"NFCORE_SERSI:SERSI:COLLECT_REPORTS:REPORT (1)","q2Label":"NFCORE_SERSI:SERSI:COLLECT_REPORTS:REPORT (1)","q3Label":"NFCORE_SERSI:SERSI:COLLECT_REPORTS:REPORT (1)"},"process":"REPORT","mem":{"mean":349757440,"min":349757440,"q1":349757440,"q2":349757440,"q3":349757440,"max":349757440,"minLabel":"NFCORE_SERSI:SERSI:COLLECT_REPORTS:REPORT (1)","maxLabel":"NFCORE_SERSI:SERSI:COLLECT_REPORTS:REPORT (1)","q1Label":"NFCORE_SERSI:SERSI:COLLECT_REPORTS:REPORT (1)","q2Label":"NFCORE_SERSI:SERSI:COLLECT_REPORTS:REPORT (1)","q3Label":"NFCORE_SERSI:SERSI:COLLECT_REPORTS:REPORT (1)"},"memUsage":{"mean":8.14,"min":8.14,"q1":8.14,"q2":8.14,"q3":8.14,"max":8.14,"minLabel":"NFCORE_SERSI:SERSI:COLLECT_REPORTS:REPORT (1)","maxLabel":"NFCORE_SERSI:SERSI:COLLECT_REPORTS:REPORT (1)","q1Label":"NFCORE_SERSI:SERSI:COLLECT_REPORTS:REPORT (1)","q2Label":"NFCORE_SERSI:SERSI:COLLECT_REPORTS:REPORT (1)","q3Label":"NFCORE_SERSI:SERSI:COLLECT_REPORTS:REPORT (1)"},"timeUsage":{"mean":0.05,"min":0.05,"q1":0.05,"q2":0.05,"q3":0.05,"max":0.05,"minLabel":"NFCORE_SERSI:SERSI:COLLECT_REPORTS:REPORT (1)","maxLabel":"NFCORE_SERSI:SERSI:COLLECT_REPORTS:REPORT (1)","q1Label":"NFCORE_SERSI:SERSI:COLLECT_REPORTS:REPORT (1)","q2Label":"NFCORE_SERSI:SERSI:COLLECT_REPORTS:REPORT (1)","q3Label":"NFCORE_SERSI:SERSI:COLLECT_REPORTS:REPORT (1)"},"vmem":{"mean":1101721411584,"min":1101721411584,"q1":1101721411584,"q2":1101721411584,"q3":1101721411584,"max":1101721411584,"minLabel":"NFCORE_SERSI:SERSI:COLLECT_REPORTS:REPORT (1)","maxLabel":"NFCORE_SERSI:SERSI:COLLECT_REPORTS:REPORT (1)","q1Label":"NFCORE_SERSI:SERSI:COLLECT_REPORTS:REPORT (1)","q2Label":"NFCORE_SERSI:SERSI:COLLECT_REPORTS:REPORT (1)","q3Label":"NFCORE_SERSI:SERSI:COLLECT_REPORTS:REPORT (1)"},"reads":{"mean":32856562,"min":32856562,"q1":32856562,"q2":32856562,"q3":32856562,"max":32856562,"minLabel":"NFCORE_SERSI:SERSI:COLLECT_REPORTS:REPORT (1)","maxLabel":"NFCORE_SERSI:SERSI:COLLECT_REPORTS:REPORT (1)","q1Label":"NFCORE_SERSI:SERSI:COLLECT_REPORTS:REPORT (1)","q2Label":"NFCORE_SERSI:SERSI:COLLECT_REPORTS:REPORT (1)","q3Label":"NFCORE_SERSI:SERSI:COLLECT_REPORTS:REPORT (1)"},"cpu":{"mean":114.6,"min":114.6,"q1":114.6,"q2":114.6,"q3":114.6,"max":114.6,"minLabel":"NFCORE_SERSI:SERSI:COLLECT_REPORTS:REPORT (1)","maxLabel":"NFCORE_SERSI:SERSI:COLLECT_REPORTS:REPORT (1)","q1Label":"NFCORE_SERSI:SERSI:COLLECT_REPORTS:REPORT (1)","q2Label":"NFCORE_SERSI:SERSI:COLLECT_REPORTS:REPORT (1)","q3Label":"NFCORE_SERSI:SERSI:COLLECT_REPORTS:REPORT (1)"},"time":{"mean":7398,"min":7398,"q1":7398,"q2":7398,"q3":7398,"max":7398,"minLabel":"NFCORE_SERSI:SERSI:COLLECT_REPORTS:REPORT (1)","maxLabel":"NFCORE_SERSI:SERSI:COLLECT_REPORTS:REPORT (1)","q1Label":"NFCORE_SERSI:SERSI:COLLECT_REPORTS:REPORT (1)","q2Label":"NFCORE_SERSI:SERSI:COLLECT_REPORTS:REPORT (1)","q3Label":"NFCORE_SERSI:SERSI:COLLECT_REPORTS:REPORT (1)"},"writes":{"mean":1568347,"min":1568347,"q1":1568347,"q2":1568347,"q3":1568347,"max":1568347,"minLabel":"NFCORE_SERSI:SERSI:COLLECT_REPORTS:REPORT (1)","maxLabel":"NFCORE_SERSI:SERSI:COLLECT_REPORTS:REPORT (1)","q1Label":"NFCORE_SERSI:SERSI:COLLECT_REPORTS:REPORT (1)","q2Label":"NFCORE_SERSI:SERSI:COLLECT_REPORTS:REPORT (1)","q3Label":"NFCORE_SERSI:SERSI:COLLECT_REPORTS:REPORT (1)"}},{"cpuUsage":{"mean":50.04,"min":45.45,"q1":50.55,"q2":50.65,"q3":50.7,"max":50.75,"minLabel":"NFCORE_SERSI:SERSI:QUALITY_CONTROL:MAD (1)","maxLabel":"NFCORE_SERSI:SERSI:QUALITY_CONTROL:MAD (8)","q1Label":"NFCORE_SERSI:SERSI:QUALITY_CONTROL:MAD (2)","q2Label":"NFCORE_SERSI:SERSI:QUALITY_CONTROL:MAD (3)","q3Label":"NFCORE_SERSI:SERSI:QUALITY_CONTROL:MAD (9)"},"process":"MAD","mem":{"mean":1704158549.33,"min":1404735488,"q1":1490055168,"q2":1784213504,"q3":1887260672,"max":1961857024,"minLabel":"NFCORE_SERSI:SERSI:QUALITY_CONTROL:MAD (6)","maxLabel":"NFCORE_SERSI:SERSI:QUALITY_CONTROL:MAD (2)","q1Label":"NFCORE_SERSI:SERSI:QUALITY_CONTROL:MAD (8)","q2Label":"NFCORE_SERSI:SERSI:QUALITY_CONTROL:MAD (9)","q3Label":"NFCORE_SERSI:SERSI:QUALITY_CONTROL:MAD (5)"},"memUsage":{"mean":39.68,"min":32.71,"q1":34.69,"q2":41.54,"q3":43.94,"max":45.68,"minLabel":"NFCORE_SERSI:SERSI:QUALITY_CONTROL:MAD (6)","maxLabel":"NFCORE_SERSI:SERSI:QUALITY_CONTROL:MAD (2)","q1Label":"NFCORE_SERSI:SERSI:QUALITY_CONTROL:MAD (8)","q2Label":"NFCORE_SERSI:SERSI:QUALITY_CONTROL:MAD (9)","q3Label":"NFCORE_SERSI:SERSI:QUALITY_CONTROL:MAD (5)"},"timeUsage":{"mean":0.26,"min":0.2,"q1":0.23,"q2":0.27,"q3":0.28,"max":0.3,"minLabel":"NFCORE_SERSI:SERSI:QUALITY_CONTROL:MAD (6)","maxLabel":"NFCORE_SERSI:SERSI:QUALITY_CONTROL:MAD (2)","q1Label":"NFCORE_SERSI:SERSI:QUALITY_CONTROL:MAD (8)","q2Label":"NFCORE_SERSI:SERSI:QUALITY_CONTROL:MAD (7)","q3Label":"NFCORE_SERSI:SERSI:QUALITY_CONTROL:MAD (5)"},"vmem":{"mean":2835868785.78,"min":2536660992,"q1":2621808640,"q2":2915729408,"q3":3019071488,"max":3093618688,"minLabel":"NFCORE_SERSI:SERSI:QUALITY_CONTROL:MAD (6)","maxLabel":"NFCORE_SERSI:SERSI:QUALITY_CONTROL:MAD (2)","q1Label":"NFCORE_SERSI:SERSI:QUALITY_CONTROL:MAD (8)","q2Label":"NFCORE_SERSI:SERSI:QUALITY_CONTROL:MAD (9)","q3Label":"NFCORE_SERSI:SERSI:QUALITY_CONTROL:MAD (5)"},"reads":{"mean":146888391,"min":123106409,"q1":130638592,"q2":154267949,"q3":162264184,"max":169523362,"minLabel":"NFCORE_SERSI:SERSI:QUALITY_CONTROL:MAD (6)","maxLabel":"NFCORE_SERSI:SERSI:QUALITY_CONTROL:MAD (2)","q1Label":"NFCORE_SERSI:SERSI:QUALITY_CONTROL:MAD (8)","q2Label":"NFCORE_SERSI:SERSI:QUALITY_CONTROL:MAD (9)","q3Label":"NFCORE_SERSI:SERSI:QUALITY_CONTROL:MAD (5)"},"cpu":{"mean":100.09,"min":90.9,"q1":101.1,"q2":101.3,"q3":101.4,"max":101.5,"minLabel":"NFCORE_SERSI:SERSI:QUALITY_CONTROL:MAD (1)","maxLabel":"NFCORE_SERSI:SERSI:QUALITY_CONTROL:MAD (8)","q1Label":"NFCORE_SERSI:SERSI:QUALITY_CONTROL:MAD (2)","q2Label":"NFCORE_SERSI:SERSI:QUALITY_CONTROL:MAD (3)","q3Label":"NFCORE_SERSI:SERSI:QUALITY_CONTROL:MAD (9)"},"time":{"mean":37411,"min":29417,"q1":32698,"q2":39205,"q3":40817,"max":43398,"minLabel":"NFCORE_SERSI:SERSI:QUALITY_CONTROL:MAD (6)","maxLabel":"NFCORE_SERSI:SERSI:QUALITY_CONTROL:MAD (2)","q1Label":"NFCORE_SERSI:SERSI:QUALITY_CONTROL:MAD (8)","q2Label":"NFCORE_SERSI:SERSI:QUALITY_CONTROL:MAD (7)","q3Label":"NFCORE_SERSI:SERSI:QUALITY_CONTROL:MAD (5)"},"writes":{"mean":100322901.89,"min":77605525,"q1":85438429,"q2":107218700,"q3":115118822,"max":122745269,"minLabel":"NFCORE_SERSI:SERSI:QUALITY_CONTROL:MAD (6)","maxLabel":"NFCORE_SERSI:SERSI:QUALITY_CONTROL:MAD (2)","q1Label":"NFCORE_SERSI:SERSI:QUALITY_CONTROL:MAD (8)","q2Label":"NFCORE_SERSI:SERSI:QUALITY_CONTROL:MAD (9)","q3Label":"NFCORE_SERSI:SERSI:QUALITY_CONTROL:MAD (5)"}},{"cpuUsage":{"mean":23.6,"min":23.6,"q1":23.6,"q2":23.6,"q3":23.6,"max":23.6,"minLabel":"NFCORE_SERSI:SERSI:MERGE_SAMPLES:SEURAT_MERGE","maxLabel":"NFCORE_SERSI:SERSI:MERGE_SAMPLES:SEURAT_MERGE","q1Label":"NFCORE_SERSI:SERSI:MERGE_SAMPLES:SEURAT_MERGE","q2Label":"NFCORE_SERSI:SERSI:MERGE_SAMPLES:SEURAT_MERGE","q3Label":"NFCORE_SERSI:SERSI:MERGE_SAMPLES:SEURAT_MERGE"},"process":"SEURAT_MERGE","mem":{"mean":13764993024,"min":13764993024,"q1":13764993024,"q2":13764993024,"q3":13764993024,"max":13764993024,"minLabel":"NFCORE_SERSI:SERSI:MERGE_SAMPLES:SEURAT_MERGE","maxLabel":"NFCORE_SERSI:SERSI:MERGE_SAMPLES:SEURAT_MERGE","q1Label":"NFCORE_SERSI:SERSI:MERGE_SAMPLES:SEURAT_MERGE","q2Label":"NFCORE_SERSI:SERSI:MERGE_SAMPLES:SEURAT_MERGE","q3Label":"NFCORE_SERSI:SERSI:MERGE_SAMPLES:SEURAT_MERGE"},"memUsage":{"mean":106.83,"min":106.83,"q1":106.83,"q2":106.83,"q3":106.83,"max":106.83,"minLabel":"NFCORE_SERSI:SERSI:MERGE_SAMPLES:SEURAT_MERGE","maxLabel":"NFCORE_SERSI:SERSI:MERGE_SAMPLES:SEURAT_MERGE","q1Label":"NFCORE_SERSI:SERSI:MERGE_SAMPLES:SEURAT_MERGE","q2Label":"NFCORE_SERSI:SERSI:MERGE_SAMPLES:SEURAT_MERGE","q3Label":"NFCORE_SERSI:SERSI:MERGE_SAMPLES:SEURAT_MERGE"},"timeUsage":{"mean":1.18,"min":1.18,"q1":1.18,"q2":1.18,"q3":1.18,"max":1.18,"minLabel":"NFCORE_SERSI:SERSI:MERGE_SAMPLES:SEURAT_MERGE","maxLabel":"NFCORE_SERSI:SERSI:MERGE_SAMPLES:SEURAT_MERGE","q1Label":"NFCORE_SERSI:SERSI:MERGE_SAMPLES:SEURAT_MERGE","q2Label":"NFCORE_SERSI:SERSI:MERGE_SAMPLES:SEURAT_MERGE","q3Label":"NFCORE_SERSI:SERSI:MERGE_SAMPLES:SEURAT_MERGE"},"vmem":{"mean":19027935232,"min":19027935232,"q1":19027935232,"q2":19027935232,"q3":19027935232,"max":19027935232,"minLabel":"NFCORE_SERSI:SERSI:MERGE_SAMPLES:SEURAT_MERGE","maxLabel":"NFCORE_SERSI:SERSI:MERGE_SAMPLES:SEURAT_MERGE","q1Label":"NFCORE_SERSI:SERSI:MERGE_SAMPLES:SEURAT_MERGE","q2Label":"NFCORE_SERSI:SERSI:MERGE_SAMPLES:SEURAT_MERGE","q3Label":"NFCORE_SERSI:SERSI:MERGE_SAMPLES:SEURAT_MERGE"},"reads":{"mean":932007749,"min":932007749,"q1":932007749,"q2":932007749,"q3":932007749,"max":932007749,"minLabel":"NFCORE_SERSI:SERSI:MERGE_SAMPLES:SEURAT_MERGE","maxLabel":"NFCORE_SERSI:SERSI:MERGE_SAMPLES:SEURAT_MERGE","q1Label":"NFCORE_SERSI:SERSI:MERGE_SAMPLES:SEURAT_MERGE","q2Label":"NFCORE_SERSI:SERSI:MERGE_SAMPLES:SEURAT_MERGE","q3Label":"NFCORE_SERSI:SERSI:MERGE_SAMPLES:SEURAT_MERGE"},"cpu":{"mean":141.6,"min":141.6,"q1":141.6,"q2":141.6,"q3":141.6,"max":141.6,"minLabel":"NFCORE_SERSI:SERSI:MERGE_SAMPLES:SEURAT_MERGE","maxLabel":"NFCORE_SERSI:SERSI:MERGE_SAMPLES:SEURAT_MERGE","q1Label":"NFCORE_SERSI:SERSI:MERGE_SAMPLES:SEURAT_MERGE","q2Label":"NFCORE_SERSI:SERSI:MERGE_SAMPLES:SEURAT_MERGE","q3Label":"NFCORE_SERSI:SERSI:MERGE_SAMPLES:SEURAT_MERGE"},"time":{"mean":340631,"min":340631,"q1":340631,"q2":340631,"q3":340631,"max":340631,"minLabel":"NFCORE_SERSI:SERSI:MERGE_SAMPLES:SEURAT_MERGE","maxLabel":"NFCORE_SERSI:SERSI:MERGE_SAMPLES:SEURAT_MERGE","q1Label":"NFCORE_SERSI:SERSI:MERGE_SAMPLES:SEURAT_MERGE","q2Label":"NFCORE_SERSI:SERSI:MERGE_SAMPLES:SEURAT_MERGE","q3Label":"NFCORE_SERSI:SERSI:MERGE_SAMPLES:SEURAT_MERGE"},"writes":{"mean":1204409275,"min":1204409275,"q1":1204409275,"q2":1204409275,"q3":1204409275,"max":1204409275,"minLabel":"NFCORE_SERSI:SERSI:MERGE_SAMPLES:SEURAT_MERGE","maxLabel":"NFCORE_SERSI:SERSI:MERGE_SAMPLES:SEURAT_MERGE","q1Label":"NFCORE_SERSI:SERSI:MERGE_SAMPLES:SEURAT_MERGE","q2Label":"NFCORE_SERSI:SERSI:MERGE_SAMPLES:SEURAT_MERGE","q3Label":"NFCORE_SERSI:SERSI:MERGE_SAMPLES:SEURAT_MERGE"}},{"cpuUsage":{"mean":153.65,"min":153.65,"q1":153.65,"q2":153.65,"q3":153.65,"max":153.65,"minLabel":"NFCORE_SERSI:SERSI:ACTIVITY_ASSAYS:SCWMEAN","maxLabel":"NFCORE_SERSI:SERSI:ACTIVITY_ASSAYS:SCWMEAN","q1Label":"NFCORE_SERSI:SERSI:ACTIVITY_ASSAYS:SCWMEAN","q2Label":"NFCORE_SERSI:SERSI:ACTIVITY_ASSAYS:SCWMEAN","q3Label":"NFCORE_SERSI:SERSI:ACTIVITY_ASSAYS:SCWMEAN"},"process":"SCWMEAN","mem":{"mean":14529478656,"min":14529478656,"q1":14529478656,"q2":14529478656,"q3":14529478656,"max":14529478656,"minLabel":"NFCORE_SERSI:SERSI:ACTIVITY_ASSAYS:SCWMEAN","maxLabel":"NFCORE_SERSI:SERSI:ACTIVITY_ASSAYS:SCWMEAN","q1Label":"NFCORE_SERSI:SERSI:ACTIVITY_ASSAYS:SCWMEAN","q2Label":"NFCORE_SERSI:SERSI:ACTIVITY_ASSAYS:SCWMEAN","q3Label":"NFCORE_SERSI:SERSI:ACTIVITY_ASSAYS:SCWMEAN"},"memUsage":{"mean":338.29,"min":338.29,"q1":338.29,"q2":338.29,"q3":338.29,"max":338.29,"minLabel":"NFCORE_SERSI:SERSI:ACTIVITY_ASSAYS:SCWMEAN","maxLabel":"NFCORE_SERSI:SERSI:ACTIVITY_ASSAYS:SCWMEAN","q1Label":"NFCORE_SERSI:SERSI:ACTIVITY_ASSAYS:SCWMEAN","q2Label":"NFCORE_SERSI:SERSI:ACTIVITY_ASSAYS:SCWMEAN","q3Label":"NFCORE_SERSI:SERSI:ACTIVITY_ASSAYS:SCWMEAN"},"timeUsage":{"mean":26.44,"min":26.44,"q1":26.44,"q2":26.44,"q3":26.44,"max":26.44,"minLabel":"NFCORE_SERSI:SERSI:ACTIVITY_ASSAYS:SCWMEAN","maxLabel":"NFCORE_SERSI:SERSI:ACTIVITY_ASSAYS:SCWMEAN","q1Label":"NFCORE_SERSI:SERSI:ACTIVITY_ASSAYS:SCWMEAN","q2Label":"NFCORE_SERSI:SERSI:ACTIVITY_ASSAYS:SCWMEAN","q3Label":"NFCORE_SERSI:SERSI:ACTIVITY_ASSAYS:SCWMEAN"},"vmem":{"mean":35634798592,"min":35634798592,"q1":35634798592,"q2":35634798592,"q3":35634798592,"max":35634798592,"minLabel":"NFCORE_SERSI:SERSI:ACTIVITY_ASSAYS:SCWMEAN","maxLabel":"NFCORE_SERSI:SERSI:ACTIVITY_ASSAYS:SCWMEAN","q1Label":"NFCORE_SERSI:SERSI:ACTIVITY_ASSAYS:SCWMEAN","q2Label":"NFCORE_SERSI:SERSI:ACTIVITY_ASSAYS:SCWMEAN","q3Label":"NFCORE_SERSI:SERSI:ACTIVITY_ASSAYS:SCWMEAN"},"reads":{"mean":1289896767,"min":1289896767,"q1":1289896767,"q2":1289896767,"q3":1289896767,"max":1289896767,"minLabel":"NFCORE_SERSI:SERSI:ACTIVITY_ASSAYS:SCWMEAN","maxLabel":"NFCORE_SERSI:SERSI:ACTIVITY_ASSAYS:SCWMEAN","q1Label":"NFCORE_SERSI:SERSI:ACTIVITY_ASSAYS:SCWMEAN","q2Label":"NFCORE_SERSI:SERSI:ACTIVITY_ASSAYS:SCWMEAN","q3Label":"NFCORE_SERSI:SERSI:ACTIVITY_ASSAYS:SCWMEAN"},"cpu":{"mean":307.3,"min":307.3,"q1":307.3,"q2":307.3,"q3":307.3,"max":307.3,"minLabel":"NFCORE_SERSI:SERSI:ACTIVITY_ASSAYS:SCWMEAN","maxLabel":"NFCORE_SERSI:SERSI:ACTIVITY_ASSAYS:SCWMEAN","q1Label":"NFCORE_SERSI:SERSI:ACTIVITY_ASSAYS:SCWMEAN","q2Label":"NFCORE_SERSI:SERSI:ACTIVITY_ASSAYS:SCWMEAN","q3Label":"NFCORE_SERSI:SERSI:ACTIVITY_ASSAYS:SCWMEAN"},"time":{"mean":3806806,"min":3806806,"q1":3806806,"q2":3806806,"q3":3806806,"max":3806806,"minLabel":"NFCORE_SERSI:SERSI:ACTIVITY_ASSAYS:SCWMEAN","maxLabel":"NFCORE_SERSI:SERSI:ACTIVITY_ASSAYS:SCWMEAN","q1Label":"NFCORE_SERSI:SERSI:ACTIVITY_ASSAYS:SCWMEAN","q2Label":"NFCORE_SERSI:SERSI:ACTIVITY_ASSAYS:SCWMEAN","q3Label":"NFCORE_SERSI:SERSI:ACTIVITY_ASSAYS:SCWMEAN"},"writes":{"mean":2389962922,"min":2389962922,"q1":2389962922,"q2":2389962922,"q3":2389962922,"max":2389962922,"minLabel":"NFCORE_SERSI:SERSI:ACTIVITY_ASSAYS:SCWMEAN","maxLabel":"NFCORE_SERSI:SERSI:ACTIVITY_ASSAYS:SCWMEAN","q1Label":"NFCORE_SERSI:SERSI:ACTIVITY_ASSAYS:SCWMEAN","q2Label":"NFCORE_SERSI:SERSI:ACTIVITY_ASSAYS:SCWMEAN","q3Label":"NFCORE_SERSI:SERSI:ACTIVITY_ASSAYS:SCWMEAN"}},{"cpuUsage":{"mean":42.75,"min":42.75,"q1":42.75,"q2":42.75,"q3":42.75,"max":42.75,"minLabel":"NFCORE_SERSI:SERSI:PARAMETER_OPTIMIZATION:ADDRESOLUTION","maxLabel":"NFCORE_SERSI:SERSI:PARAMETER_OPTIMIZATION:ADDRESOLUTION","q1Label":"NFCORE_SERSI:SERSI:PARAMETER_OPTIMIZATION:ADDRESOLUTION","q2Label":"NFCORE_SERSI:SERSI:PARAMETER_OPTIMIZATION:ADDRESOLUTION","q3Label":"NFCORE_SERSI:SERSI:PARAMETER_OPTIMIZATION:ADDRESOLUTION"},"process":"ADDRESOLUTION","mem":{"mean":410177536,"min":410177536,"q1":410177536,"q2":410177536,"q3":410177536,"max":410177536,"minLabel":"NFCORE_SERSI:SERSI:PARAMETER_OPTIMIZATION:ADDRESOLUTION","maxLabel":"NFCORE_SERSI:SERSI:PARAMETER_OPTIMIZATION:ADDRESOLUTION","q1Label":"NFCORE_SERSI:SERSI:PARAMETER_OPTIMIZATION:ADDRESOLUTION","q2Label":"NFCORE_SERSI:SERSI:PARAMETER_OPTIMIZATION:ADDRESOLUTION","q3Label":"NFCORE_SERSI:SERSI:PARAMETER_OPTIMIZATION:ADDRESOLUTION"},"memUsage":{"mean":9.55,"min":9.55,"q1":9.55,"q2":9.55,"q3":9.55,"max":9.55,"minLabel":"NFCORE_SERSI:SERSI:PARAMETER_OPTIMIZATION:ADDRESOLUTION","maxLabel":"NFCORE_SERSI:SERSI:PARAMETER_OPTIMIZATION:ADDRESOLUTION","q1Label":"NFCORE_SERSI:SERSI:PARAMETER_OPTIMIZATION:ADDRESOLUTION","q2Label":"NFCORE_SERSI:SERSI:PARAMETER_OPTIMIZATION:ADDRESOLUTION","q3Label":"NFCORE_SERSI:SERSI:PARAMETER_OPTIMIZATION:ADDRESOLUTION"},"timeUsage":{"mean":0.04,"min":0.04,"q1":0.04,"q2":0.04,"q3":0.04,"max":0.04,"minLabel":"NFCORE_SERSI:SERSI:PARAMETER_OPTIMIZATION:ADDRESOLUTION","maxLabel":"NFCORE_SERSI:SERSI:PARAMETER_OPTIMIZATION:ADDRESOLUTION","q1Label":"NFCORE_SERSI:SERSI:PARAMETER_OPTIMIZATION:ADDRESOLUTION","q2Label":"NFCORE_SERSI:SERSI:PARAMETER_OPTIMIZATION:ADDRESOLUTION","q3Label":"NFCORE_SERSI:SERSI:PARAMETER_OPTIMIZATION:ADDRESOLUTION"},"vmem":{"mean":1542127616,"min":1542127616,"q1":1542127616,"q2":1542127616,"q3":1542127616,"max":1542127616,"minLabel":"NFCORE_SERSI:SERSI:PARAMETER_OPTIMIZATION:ADDRESOLUTION","maxLabel":"NFCORE_SERSI:SERSI:PARAMETER_OPTIMIZATION:ADDRESOLUTION","q1Label":"NFCORE_SERSI:SERSI:PARAMETER_OPTIMIZATION:ADDRESOLUTION","q2Label":"NFCORE_SERSI:SERSI:PARAMETER_OPTIMIZATION:ADDRESOLUTION","q3Label":"NFCORE_SERSI:SERSI:PARAMETER_OPTIMIZATION:ADDRESOLUTION"},"reads":{"mean":47626090,"min":47626090,"q1":47626090,"q2":47626090,"q3":47626090,"max":47626090,"minLabel":"NFCORE_SERSI:SERSI:PARAMETER_OPTIMIZATION:ADDRESOLUTION","maxLabel":"NFCORE_SERSI:SERSI:PARAMETER_OPTIMIZATION:ADDRESOLUTION","q1Label":"NFCORE_SERSI:SERSI:PARAMETER_OPTIMIZATION:ADDRESOLUTION","q2Label":"NFCORE_SERSI:SERSI:PARAMETER_OPTIMIZATION:ADDRESOLUTION","q3Label":"NFCORE_SERSI:SERSI:PARAMETER_OPTIMIZATION:ADDRESOLUTION"},"cpu":{"mean":85.5,"min":85.5,"q1":85.5,"q2":85.5,"q3":85.5,"max":85.5,"minLabel":"NFCORE_SERSI:SERSI:PARAMETER_OPTIMIZATION:ADDRESOLUTION","maxLabel":"NFCORE_SERSI:SERSI:PARAMETER_OPTIMIZATION:ADDRESOLUTION","q1Label":"NFCORE_SERSI:SERSI:PARAMETER_OPTIMIZATION:ADDRESOLUTION","q2Label":"NFCORE_SERSI:SERSI:PARAMETER_OPTIMIZATION:ADDRESOLUTION","q3Label":"NFCORE_SERSI:SERSI:PARAMETER_OPTIMIZATION:ADDRESOLUTION"},"time":{"mean":6260,"min":6260,"q1":6260,"q2":6260,"q3":6260,"max":6260,"minLabel":"NFCORE_SERSI:SERSI:PARAMETER_OPTIMIZATION:ADDRESOLUTION","maxLabel":"NFCORE_SERSI:SERSI:PARAMETER_OPTIMIZATION:ADDRESOLUTION","q1Label":"NFCORE_SERSI:SERSI:PARAMETER_OPTIMIZATION:ADDRESOLUTION","q2Label":"NFCORE_SERSI:SERSI:PARAMETER_OPTIMIZATION:ADDRESOLUTION","q3Label":"NFCORE_SERSI:SERSI:PARAMETER_OPTIMIZATION:ADDRESOLUTION"},"writes":{"mean":3176,"min":3176,"q1":3176,"q2":3176,"q3":3176,"max":3176,"minLabel":"NFCORE_SERSI:SERSI:PARAMETER_OPTIMIZATION:ADDRESOLUTION","maxLabel":"NFCORE_SERSI:SERSI:PARAMETER_OPTIMIZATION:ADDRESOLUTION","q1Label":"NFCORE_SERSI:SERSI:PARAMETER_OPTIMIZATION:ADDRESOLUTION","q2Label":"NFCORE_SERSI:SERSI:PARAMETER_OPTIMIZATION:ADDRESOLUTION","q3Label":"NFCORE_SERSI:SERSI:PARAMETER_OPTIMIZATION:ADDRESOLUTION"}},{"cpuUsage":{"mean":50.15,"min":50.15,"q1":50.15,"q2":50.15,"q3":50.15,"max":50.15,"minLabel":"NFCORE_SERSI:SERSI:PARAMETER_OPTIMIZATION:MAXLIKGLOBALDIMEST","maxLabel":"NFCORE_SERSI:SERSI:PARAMETER_OPTIMIZATION:MAXLIKGLOBALDIMEST","q1Label":"NFCORE_SERSI:SERSI:PARAMETER_OPTIMIZATION:MAXLIKGLOBALDIMEST","q2Label":"NFCORE_SERSI:SERSI:PARAMETER_OPTIMIZATION:MAXLIKGLOBALDIMEST","q3Label":"NFCORE_SERSI:SERSI:PARAMETER_OPTIMIZATION:MAXLIKGLOBALDIMEST"},"process":"MAXLIKGLOBALDIMEST","mem":{"mean":7756935168,"min":7756935168,"q1":7756935168,"q2":7756935168,"q3":7756935168,"max":7756935168,"minLabel":"NFCORE_SERSI:SERSI:PARAMETER_OPTIMIZATION:MAXLIKGLOBALDIMEST","maxLabel":"NFCORE_SERSI:SERSI:PARAMETER_OPTIMIZATION:MAXLIKGLOBALDIMEST","q1Label":"NFCORE_SERSI:SERSI:PARAMETER_OPTIMIZATION:MAXLIKGLOBALDIMEST","q2Label":"NFCORE_SERSI:SERSI:PARAMETER_OPTIMIZATION:MAXLIKGLOBALDIMEST","q3Label":"NFCORE_SERSI:SERSI:PARAMETER_OPTIMIZATION:MAXLIKGLOBALDIMEST"},"memUsage":{"mean":180.61,"min":180.61,"q1":180.61,"q2":180.61,"q3":180.61,"max":180.61,"minLabel":"NFCORE_SERSI:SERSI:PARAMETER_OPTIMIZATION:MAXLIKGLOBALDIMEST","maxLabel":"NFCORE_SERSI:SERSI:PARAMETER_OPTIMIZATION:MAXLIKGLOBALDIMEST","q1Label":"NFCORE_SERSI:SERSI:PARAMETER_OPTIMIZATION:MAXLIKGLOBALDIMEST","q2Label":"NFCORE_SERSI:SERSI:PARAMETER_OPTIMIZATION:MAXLIKGLOBALDIMEST","q3Label":"NFCORE_SERSI:SERSI:PARAMETER_OPTIMIZATION:MAXLIKGLOBALDIMEST"},"timeUsage":{"mean":8.92,"min":8.92,"q1":8.92,"q2":8.92,"q3":8.92,"max":8.92,"minLabel":"NFCORE_SERSI:SERSI:PARAMETER_OPTIMIZATION:MAXLIKGLOBALDIMEST","maxLabel":"NFCORE_SERSI:SERSI:PARAMETER_OPTIMIZATION:MAXLIKGLOBALDIMEST","q1Label":"NFCORE_SERSI:SERSI:PARAMETER_OPTIMIZATION:MAXLIKGLOBALDIMEST","q2Label":"NFCORE_SERSI:SERSI:PARAMETER_OPTIMIZATION:MAXLIKGLOBALDIMEST","q3Label":"NFCORE_SERSI:SERSI:PARAMETER_OPTIMIZATION:MAXLIKGLOBALDIMEST"},"vmem":{"mean":8890019840,"min":8890019840,"q1":8890019840,"q2":8890019840,"q3":8890019840,"max":8890019840,"minLabel":"NFCORE_SERSI:SERSI:PARAMETER_OPTIMIZATION:MAXLIKGLOBALDIMEST","maxLabel":"NFCORE_SERSI:SERSI:PARAMETER_OPTIMIZATION:MAXLIKGLOBALDIMEST","q1Label":"NFCORE_SERSI:SERSI:PARAMETER_OPTIMIZATION:MAXLIKGLOBALDIMEST","q2Label":"NFCORE_SERSI:SERSI:PARAMETER_OPTIMIZATION:MAXLIKGLOBALDIMEST","q3Label":"NFCORE_SERSI:SERSI:PARAMETER_OPTIMIZATION:MAXLIKGLOBALDIMEST"},"reads":{"mean":2437545929,"min":2437545929,"q1":2437545929,"q2":2437545929,"q3":2437545929,"max":2437545929,"minLabel":"NFCORE_SERSI:SERSI:PARAMETER_OPTIMIZATION:MAXLIKGLOBALDIMEST","maxLabel":"NFCORE_SERSI:SERSI:PARAMETER_OPTIMIZATION:MAXLIKGLOBALDIMEST","q1Label":"NFCORE_SERSI:SERSI:PARAMETER_OPTIMIZATION:MAXLIKGLOBALDIMEST","q2Label":"NFCORE_SERSI:SERSI:PARAMETER_OPTIMIZATION:MAXLIKGLOBALDIMEST","q3Label":"NFCORE_SERSI:SERSI:PARAMETER_OPTIMIZATION:MAXLIKGLOBALDIMEST"},"cpu":{"mean":100.3,"min":100.3,"q1":100.3,"q2":100.3,"q3":100.3,"max":100.3,"minLabel":"NFCORE_SERSI:SERSI:PARAMETER_OPTIMIZATION:MAXLIKGLOBALDIMEST","maxLabel":"NFCORE_SERSI:SERSI:PARAMETER_OPTIMIZATION:MAXLIKGLOBALDIMEST","q1Label":"NFCORE_SERSI:SERSI:PARAMETER_OPTIMIZATION:MAXLIKGLOBALDIMEST","q2Label":"NFCORE_SERSI:SERSI:PARAMETER_OPTIMIZATION:MAXLIKGLOBALDIMEST","q3Label":"NFCORE_SERSI:SERSI:PARAMETER_OPTIMIZATION:MAXLIKGLOBALDIMEST"},"time":{"mean":1284000,"min":1284000,"q1":1284000,"q2":1284000,"q3":1284000,"max":1284000,"minLabel":"NFCORE_SERSI:SERSI:PARAMETER_OPTIMIZATION:MAXLIKGLOBALDIMEST","maxLabel":"NFCORE_SERSI:SERSI:PARAMETER_OPTIMIZATION:MAXLIKGLOBALDIMEST","q1Label":"NFCORE_SERSI:SERSI:PARAMETER_OPTIMIZATION:MAXLIKGLOBALDIMEST","q2Label":"NFCORE_SERSI:SERSI:PARAMETER_OPTIMIZATION:MAXLIKGLOBALDIMEST","q3Label":"NFCORE_SERSI:SERSI:PARAMETER_OPTIMIZATION:MAXLIKGLOBALDIMEST"},"writes":{"mean":3708,"min":3708,"q1":3708,"q2":3708,"q3":3708,"max":3708,"minLabel":"NFCORE_SERSI:SERSI:PARAMETER_OPTIMIZATION:MAXLIKGLOBALDIMEST","maxLabel":"NFCORE_SERSI:SERSI:PARAMETER_OPTIMIZATION:MAXLIKGLOBALDIMEST","q1Label":"NFCORE_SERSI:SERSI:PARAMETER_OPTIMIZATION:MAXLIKGLOBALDIMEST","q2Label":"NFCORE_SERSI:SERSI:PARAMETER_OPTIMIZATION:MAXLIKGLOBALDIMEST","q3Label":"NFCORE_SERSI:SERSI:PARAMETER_OPTIMIZATION:MAXLIKGLOBALDIMEST"}},{"cpuUsage":{"mean":61.95,"min":61.95,"q1":61.95,"q2":61.95,"q3":61.95,"max":61.95,"minLabel":"NFCORE_SERSI:SERSI:CLUSTERING:SEURAT_CLUSTERING (1)","maxLabel":"NFCORE_SERSI:SERSI:CLUSTERING:SEURAT_CLUSTERING (1)","q1Label":"NFCORE_SERSI:SERSI:CLUSTERING:SEURAT_CLUSTERING (1)","q2Label":"NFCORE_SERSI:SERSI:CLUSTERING:SEURAT_CLUSTERING (1)","q3Label":"NFCORE_SERSI:SERSI:CLUSTERING:SEURAT_CLUSTERING (1)"},"process":"SEURAT_CLUSTERING","mem":{"mean":8505704448,"min":8505704448,"q1":8505704448,"q2":8505704448,"q3":8505704448,"max":8505704448,"minLabel":"NFCORE_SERSI:SERSI:CLUSTERING:SEURAT_CLUSTERING (1)","maxLabel":"NFCORE_SERSI:SERSI:CLUSTERING:SEURAT_CLUSTERING (1)","q1Label":"NFCORE_SERSI:SERSI:CLUSTERING:SEURAT_CLUSTERING (1)","q2Label":"NFCORE_SERSI:SERSI:CLUSTERING:SEURAT_CLUSTERING (1)","q3Label":"NFCORE_SERSI:SERSI:CLUSTERING:SEURAT_CLUSTERING (1)"},"memUsage":{"mean":198.04,"min":198.04,"q1":198.04,"q2":198.04,"q3":198.04,"max":198.04,"minLabel":"NFCORE_SERSI:SERSI:CLUSTERING:SEURAT_CLUSTERING (1)","maxLabel":"NFCORE_SERSI:SERSI:CLUSTERING:SEURAT_CLUSTERING (1)","q1Label":"NFCORE_SERSI:SERSI:CLUSTERING:SEURAT_CLUSTERING (1)","q2Label":"NFCORE_SERSI:SERSI:CLUSTERING:SEURAT_CLUSTERING (1)","q3Label":"NFCORE_SERSI:SERSI:CLUSTERING:SEURAT_CLUSTERING (1)"},"timeUsage":{"mean":2.7,"min":2.7,"q1":2.7,"q2":2.7,"q3":2.7,"max":2.7,"minLabel":"NFCORE_SERSI:SERSI:CLUSTERING:SEURAT_CLUSTERING (1)","maxLabel":"NFCORE_SERSI:SERSI:CLUSTERING:SEURAT_CLUSTERING (1)","q1Label":"NFCORE_SERSI:SERSI:CLUSTERING:SEURAT_CLUSTERING (1)","q2Label":"NFCORE_SERSI:SERSI:CLUSTERING:SEURAT_CLUSTERING (1)","q3Label":"NFCORE_SERSI:SERSI:CLUSTERING:SEURAT_CLUSTERING (1)"},"vmem":{"mean":9873489920,"min":9873489920,"q1":9873489920,"q2":9873489920,"q3":9873489920,"max":9873489920,"minLabel":"NFCORE_SERSI:SERSI:CLUSTERING:SEURAT_CLUSTERING (1)","maxLabel":"NFCORE_SERSI:SERSI:CLUSTERING:SEURAT_CLUSTERING (1)","q1Label":"NFCORE_SERSI:SERSI:CLUSTERING:SEURAT_CLUSTERING (1)","q2Label":"NFCORE_SERSI:SERSI:CLUSTERING:SEURAT_CLUSTERING (1)","q3Label":"NFCORE_SERSI:SERSI:CLUSTERING:SEURAT_CLUSTERING (1)"},"reads":{"mean":2633347064,"min":2633347064,"q1":2633347064,"q2":2633347064,"q3":2633347064,"max":2633347064,"minLabel":"NFCORE_SERSI:SERSI:CLUSTERING:SEURAT_CLUSTERING (1)","maxLabel":"NFCORE_SERSI:SERSI:CLUSTERING:SEURAT_CLUSTERING (1)","q1Label":"NFCORE_SERSI:SERSI:CLUSTERING:SEURAT_CLUSTERING (1)","q2Label":"NFCORE_SERSI:SERSI:CLUSTERING:SEURAT_CLUSTERING (1)","q3Label":"NFCORE_SERSI:SERSI:CLUSTERING:SEURAT_CLUSTERING (1)"},"cpu":{"mean":123.9,"min":123.9,"q1":123.9,"q2":123.9,"q3":123.9,"max":123.9,"minLabel":"NFCORE_SERSI:SERSI:CLUSTERING:SEURAT_CLUSTERING (1)","maxLabel":"NFCORE_SERSI:SERSI:CLUSTERING:SEURAT_CLUSTERING (1)","q1Label":"NFCORE_SERSI:SERSI:CLUSTERING:SEURAT_CLUSTERING (1)","q2Label":"NFCORE_SERSI:SERSI:CLUSTERING:SEURAT_CLUSTERING (1)","q3Label":"NFCORE_SERSI:SERSI:CLUSTERING:SEURAT_CLUSTERING (1)"},"time":{"mean":388245,"min":388245,"q1":388245,"q2":388245,"q3":388245,"max":388245,"minLabel":"NFCORE_SERSI:SERSI:CLUSTERING:SEURAT_CLUSTERING (1)","maxLabel":"NFCORE_SERSI:SERSI:CLUSTERING:SEURAT_CLUSTERING (1)","q1Label":"NFCORE_SERSI:SERSI:CLUSTERING:SEURAT_CLUSTERING (1)","q2Label":"NFCORE_SERSI:SERSI:CLUSTERING:SEURAT_CLUSTERING (1)","q3Label":"NFCORE_SERSI:SERSI:CLUSTERING:SEURAT_CLUSTERING (1)"},"writes":{"mean":2684743899,"min":2684743899,"q1":2684743899,"q2":2684743899,"q3":2684743899,"max":2684743899,"minLabel":"NFCORE_SERSI:SERSI:CLUSTERING:SEURAT_CLUSTERING (1)","maxLabel":"NFCORE_SERSI:SERSI:CLUSTERING:SEURAT_CLUSTERING (1)","q1Label":"NFCORE_SERSI:SERSI:CLUSTERING:SEURAT_CLUSTERING (1)","q2Label":"NFCORE_SERSI:SERSI:CLUSTERING:SEURAT_CLUSTERING (1)","q3Label":"NFCORE_SERSI:SERSI:CLUSTERING:SEURAT_CLUSTERING (1)"}},{"cpuUsage":{"mean":47.25,"min":47.25,"q1":47.25,"q2":47.25,"q3":47.25,"max":47.25,"minLabel":"NFCORE_SERSI:SERSI:ANNOTATION:SCMRMA (1)","maxLabel":"NFCORE_SERSI:SERSI:ANNOTATION:SCMRMA (1)","q1Label":"NFCORE_SERSI:SERSI:ANNOTATION:SCMRMA (1)","q2Label":"NFCORE_SERSI:SERSI:ANNOTATION:SCMRMA (1)","q3Label":"NFCORE_SERSI:SERSI:ANNOTATION:SCMRMA (1)"},"process":"SCMRMA","mem":{"mean":14086172672,"min":14086172672,"q1":14086172672,"q2":14086172672,"q3":14086172672,"max":14086172672,"minLabel":"NFCORE_SERSI:SERSI:ANNOTATION:SCMRMA (1)","maxLabel":"NFCORE_SERSI:SERSI:ANNOTATION:SCMRMA (1)","q1Label":"NFCORE_SERSI:SERSI:ANNOTATION:SCMRMA (1)","q2Label":"NFCORE_SERSI:SERSI:ANNOTATION:SCMRMA (1)","q3Label":"NFCORE_SERSI:SERSI:ANNOTATION:SCMRMA (1)"},"memUsage":{"mean":327.97,"min":327.97,"q1":327.97,"q2":327.97,"q3":327.97,"max":327.97,"minLabel":"NFCORE_SERSI:SERSI:ANNOTATION:SCMRMA (1)","maxLabel":"NFCORE_SERSI:SERSI:ANNOTATION:SCMRMA (1)","q1Label":"NFCORE_SERSI:SERSI:ANNOTATION:SCMRMA (1)","q2Label":"NFCORE_SERSI:SERSI:ANNOTATION:SCMRMA (1)","q3Label":"NFCORE_SERSI:SERSI:ANNOTATION:SCMRMA (1)"},"timeUsage":{"mean":2.79,"min":2.79,"q1":2.79,"q2":2.79,"q3":2.79,"max":2.79,"minLabel":"NFCORE_SERSI:SERSI:ANNOTATION:SCMRMA (1)","maxLabel":"NFCORE_SERSI:SERSI:ANNOTATION:SCMRMA (1)","q1Label":"NFCORE_SERSI:SERSI:ANNOTATION:SCMRMA (1)","q2Label":"NFCORE_SERSI:SERSI:ANNOTATION:SCMRMA (1)","q3Label":"NFCORE_SERSI:SERSI:ANNOTATION:SCMRMA (1)"},"vmem":{"mean":19874578432,"min":19874578432,"q1":19874578432,"q2":19874578432,"q3":19874578432,"max":19874578432,"minLabel":"NFCORE_SERSI:SERSI:ANNOTATION:SCMRMA (1)","maxLabel":"NFCORE_SERSI:SERSI:ANNOTATION:SCMRMA (1)","q1Label":"NFCORE_SERSI:SERSI:ANNOTATION:SCMRMA (1)","q2Label":"NFCORE_SERSI:SERSI:ANNOTATION:SCMRMA (1)","q3Label":"NFCORE_SERSI:SERSI:ANNOTATION:SCMRMA (1)"},"reads":{"mean":2512737894,"min":2512737894,"q1":2512737894,"q2":2512737894,"q3":2512737894,"max":2512737894,"minLabel":"NFCORE_SERSI:SERSI:ANNOTATION:SCMRMA (1)","maxLabel":"NFCORE_SERSI:SERSI:ANNOTATION:SCMRMA (1)","q1Label":"NFCORE_SERSI:SERSI:ANNOTATION:SCMRMA (1)","q2Label":"NFCORE_SERSI:SERSI:ANNOTATION:SCMRMA (1)","q3Label":"NFCORE_SERSI:SERSI:ANNOTATION:SCMRMA (1)"},"cpu":{"mean":94.5,"min":94.5,"q1":94.5,"q2":94.5,"q3":94.5,"max":94.5,"minLabel":"NFCORE_SERSI:SERSI:ANNOTATION:SCMRMA (1)","maxLabel":"NFCORE_SERSI:SERSI:ANNOTATION:SCMRMA (1)","q1Label":"NFCORE_SERSI:SERSI:ANNOTATION:SCMRMA (1)","q2Label":"NFCORE_SERSI:SERSI:ANNOTATION:SCMRMA (1)","q3Label":"NFCORE_SERSI:SERSI:ANNOTATION:SCMRMA (1)"},"time":{"mean":401057,"min":401057,"q1":401057,"q2":401057,"q3":401057,"max":401057,"minLabel":"NFCORE_SERSI:SERSI:ANNOTATION:SCMRMA (1)","maxLabel":"NFCORE_SERSI:SERSI:ANNOTATION:SCMRMA (1)","q1Label":"NFCORE_SERSI:SERSI:ANNOTATION:SCMRMA (1)","q2Label":"NFCORE_SERSI:SERSI:ANNOTATION:SCMRMA (1)","q3Label":"NFCORE_SERSI:SERSI:ANNOTATION:SCMRMA (1)"},"writes":{"mean":2479051909,"min":2479051909,"q1":2479051909,"q2":2479051909,"q3":2479051909,"max":2479051909,"minLabel":"NFCORE_SERSI:SERSI:ANNOTATION:SCMRMA (1)","maxLabel":"NFCORE_SERSI:SERSI:ANNOTATION:SCMRMA (1)","q1Label":"NFCORE_SERSI:SERSI:ANNOTATION:SCMRMA (1)","q2Label":"NFCORE_SERSI:SERSI:ANNOTATION:SCMRMA (1)","q3Label":"NFCORE_SERSI:SERSI:ANNOTATION:SCMRMA (1)"}}]
Dec-08 14:47:57.651 [main] DEBUG nextflow.trace.TimelineObserver - Flow completing -- rendering html timeline
Dec-08 14:47:58.123 [main] DEBUG nextflow.cache.CacheDB - Closing CacheDB done
Dec-08 14:47:58.202 [main] DEBUG nextflow.script.ScriptRunner - > Execution complete -- Goodbye
